#
# There is insufficient memory for the Java Runtime Environment to continue.
# Native memory allocation (malloc) failed to allocate 281018368 bytes for committing reserved memory.
# Possible reasons:
#   The system is out of physical RAM or swap space
#   In 32 bit mode, the process size limit was hit
# Possible solutions:
#   Reduce memory load on the system
#   Increase physical memory or swap space
#   Check if swap backing store is full
#   Use 64 bit Java on a 64 bit OS
#   Decrease Java heap size (-Xmx/-Xms)
#   Decrease number of Java threads
#   Decrease Java thread stack sizes (-Xss)
#   Set larger code cache with -XX:ReservedCodeCacheSize=
# This output file may be truncated or incomplete.
#
#  Out of Memory Error (os_linux.cpp:2827), pid=18691, tid=139690365282048
#
# JRE version: OpenJDK Runtime Environment (7.0_111-b01) (build 1.7.0_111-b01)
# Java VM: OpenJDK 64-Bit Server VM (24.111-b01 mixed mode linux-amd64 compressed oops)
# Derivative: IcedTea 2.6.7
# Distribution: Custom build (Wed Aug  3 15:16:32 UTC 2016)
# Core dump written. Default location: /home/yuran/work/awesomenative/android/core or core.18691
#

---------------  T H R E A D  ---------------

Current thread (0x00007f0c44075800):  VMThread [stack: 0x00007f0c3289e000,0x00007f0c3299f000] [id=18704]

Stack: [0x00007f0c3289e000,0x00007f0c3299f000],  sp=0x00007f0c3299d4d0,  free space=1021k
Native frames: (J=compiled Java code, j=interpreted, Vv=VM code, C=native code)
V  [libjvm.so+0x9a7a27]
V  [libjvm.so+0x48f27f]
V  [libjvm.so+0x8121bb]
V  [libjvm.so+0x80c6ae]
V  [libjvm.so+0x883e0e]
V  [libjvm.so+0x885763]
V  [libjvm.so+0x881920]
V  [libjvm.so+0x881bfc]
V  [libjvm.so+0x835b73]
V  [libjvm.so+0x9a94b2]
V  [libjvm.so+0x9ae267]
V  [libjvm.so+0x9abaf8]
V  [libjvm.so+0x9ace66]
V  [libjvm.so+0x9ad361]
V  [libjvm.so+0x80f092]

VM_Operation (0x00007f0c4b0d93f0): ParallelGCFailedAllocation, mode: safepoint, requested by thread 0x00007f0c4400a000


---------------  P R O C E S S  ---------------

Java Threads: ( => current thread )
  0x00007f0c45067800 JavaThread "File lock request listener" [_thread_in_native, id=18741, stack(0x00007f0c27196000,0x00007f0c27297000)]
  0x00007f0c44e43000 JavaThread "process reaper" daemon [_thread_blocked, id=18716, stack(0x00007f0c27297000,0x00007f0c272d0000)]
  0x00007f0c440b0000 JavaThread "Service Thread" daemon [_thread_blocked, id=18710, stack(0x00007f0c32100000,0x00007f0c32201000)]
  0x00007f0c440ae000 JavaThread "C2 CompilerThread1" daemon [_thread_blocked, id=18709, stack(0x00007f0c32201000,0x00007f0c32302000)]
  0x00007f0c440ab000 JavaThread "C2 CompilerThread0" daemon [_thread_blocked, id=18708, stack(0x00007f0c32302000,0x00007f0c32403000)]
  0x00007f0c440a9000 JavaThread "Signal Dispatcher" daemon [_thread_blocked, id=18707, stack(0x00007f0c32403000,0x00007f0c32504000)]
  0x00007f0c4407b800 JavaThread "Finalizer" daemon [_thread_blocked, id=18706, stack(0x00007f0c3269c000,0x00007f0c3279d000)]
  0x00007f0c44079800 JavaThread "Reference Handler" daemon [_thread_blocked, id=18705, stack(0x00007f0c3279d000,0x00007f0c3289e000)]
  0x00007f0c4400a000 JavaThread "main" [_thread_blocked, id=18699, stack(0x00007f0c4afdc000,0x00007f0c4b0dd000)]

Other Threads:
=>0x00007f0c44075800 VMThread [stack: 0x00007f0c3289e000,0x00007f0c3299f000] [id=18704]
  0x00007f0c440bb000 WatcherThread [stack: 0x00007f0c31fff000,0x00007f0c32100000] [id=18711]

VM state:at safepoint (normal execution)

VM Mutex/Monitor currently owned by a thread:  ([mutex/lock_event])
[0x00007f0c440061e0] Threads_lock - owner thread: 0x00007f0c44075800
[0x00007f0c440066e0] Heap_lock - owner thread: 0x00007f0c4400a000

Heap
 PSYoungGen      total 276992K, used 24560K [0x00000007d7100000, 0x00000007e9900000, 0x0000000800000000)
  eden space 252416K, 0% used [0x00000007d7100000,0x00000007d7100000,0x00000007e6780000)
  from space 24576K, 99% used [0x00000007e6780000,0x00000007e7f7c010,0x00000007e7f80000)
  to   space 23040K, 0% used [0x00000007e7f80000,0x00000007e7f80000,0x00000007e9600000)
 ParOldGen       total 83456K, used 45864K [0x0000000785400000, 0x000000078a580000, 0x00000007d7100000)
  object space 83456K, 54% used [0x0000000785400000,0x00000007880ca090,0x000000078a580000)
 PSPermGen       total 41984K, used 41874K [0x000000077ae00000, 0x000000077d700000, 0x0000000785400000)
  object space 41984K, 99% used [0x000000077ae00000,0x000000077d6e4ab0,0x000000077d700000)

Card table byte_map: [0x00007f0c405b0000,0x00007f0c409da000] byte_map_base: 0x00007f0c3c9d9000

Polling page: 0x00007f0c4b114000

Code Cache  [0x00007f0c409da000, 0x00007f0c40e0a000, 0x00007f0c439da000)
 total_blobs=1587 nmethods=978 adapters=561 free_code_cache=44916Kb largest_free_block=45942400

Compilation events (10 events):
Event: 13,081 Thread 0x00007f0c440ab000 nmethod 1070 0x00007f0c40c73c10 code [0x00007f0c40c73d40, 0x00007f0c40c73df8]
Event: 13,081 Thread 0x00007f0c440ab000 1071             groovyjarjarasm.asm.ClassWriter::b (152 bytes)
Event: 13,081 Thread 0x00007f0c440ae000 nmethod 1069 0x00007f0c40c223d0 code [0x00007f0c40c22540, 0x00007f0c40c22868]
Event: 13,082 Thread 0x00007f0c440ab000 nmethod 1071 0x00007f0c40c21fd0 code [0x00007f0c40c22120, 0x00007f0c40c22258]
Event: 13,111 Thread 0x00007f0c440ae000 1072             org.codehaus.groovy.reflection.ClassInfo::getVersion (5 bytes)
Event: 13,112 Thread 0x00007f0c440ae000 nmethod 1072 0x00007f0c40c73a10 code [0x00007f0c40c73b40, 0x00007f0c40c73b98]
Event: 13,132 Thread 0x00007f0c440ae000 1073             java.util.HashMap::putAllForCreate (51 bytes)
Event: 13,134 Thread 0x00007f0c440ab000 1074             sun.reflect.DelegatingMethodAccessorImpl::invoke (10 bytes)
Event: 13,135 Thread 0x00007f0c440ab000 nmethod 1074 0x00007f0c40c21a90 code [0x00007f0c40c21be0, 0x00007f0c40c21c78]
Event: 13,149 Thread 0x00007f0c440ae000 nmethod 1073 0x00007f0c40c7af10 code [0x00007f0c40c7b120, 0x00007f0c40c7ba78]

GC Heap History (10 events):
Event: 1,261 GC heap after
Heap after GC invocations=2 (full 0):
 PSYoungGen      total 68608K, used 5117K [0x00000007d7100000, 0x00000007db900000, 0x0000000800000000)
  eden space 63488K, 0% used [0x00000007d7100000,0x00000007d7100000,0x00000007daf00000)
  from space 5120K, 99% used [0x00000007db400000,0x00000007db8ff700,0x00000007db900000)
  to   space 5120K, 0% used [0x00000007daf00000,0x00000007daf00000,0x00000007db400000)
 ParOldGen       total 83456K, used 1051K [0x0000000785400000, 0x000000078a580000, 0x00000007d7100000)
  object space 83456K, 1% used [0x0000000785400000,0x0000000785506ea0,0x000000078a580000)
 PSPermGen       total 21504K, used 13758K [0x000000077ae00000, 0x000000077c300000, 0x0000000785400000)
  object space 21504K, 63% used [0x000000077ae00000,0x000000077bb6fac0,0x000000077c300000)
}
Event: 3,163 GC heap before
{Heap before GC invocations=3 (full 0):
 PSYoungGen      total 68608K, used 68605K [0x00000007d7100000, 0x00000007db900000, 0x0000000800000000)
  eden space 63488K, 100% used [0x00000007d7100000,0x00000007daf00000,0x00000007daf00000)
  from space 5120K, 99% used [0x00000007db400000,0x00000007db8ff700,0x00000007db900000)
  to   space 5120K, 0% used [0x00000007daf00000,0x00000007daf00000,0x00000007db400000)
 ParOldGen       total 83456K, used 1051K [0x0000000785400000, 0x000000078a580000, 0x00000007d7100000)
  object space 83456K, 1% used [0x0000000785400000,0x0000000785506ea0,0x000000078a580000)
 PSPermGen       total 21504K, used 20746K [0x000000077ae00000, 0x000000077c300000, 0x0000000785400000)
  object space 21504K, 96% used [0x000000077ae00000,0x000000077c242b48,0x000000077c300000)
Event: 3,176 GC heap after
Heap after GC invocations=3 (full 0):
 PSYoungGen      total 68608K, used 5104K [0x00000007d7100000, 0x00000007df700000, 0x0000000800000000)
  eden space 63488K, 0% used [0x00000007d7100000,0x00000007d7100000,0x00000007daf00000)
  from space 5120K, 99% used [0x00000007daf00000,0x00000007db3fc050,0x00000007db400000)
  to   space 5120K, 0% used [0x00000007df200000,0x00000007df200000,0x00000007df700000)
 ParOldGen       total 83456K, used 7172K [0x0000000785400000, 0x000000078a580000, 0x00000007d7100000)
  object space 83456K, 8% used [0x0000000785400000,0x0000000785b010e8,0x000000078a580000)
 PSPermGen       total 21504K, used 20746K [0x000000077ae00000, 0x000000077c300000, 0x0000000785400000)
  object space 21504K, 96% used [0x000000077ae00000,0x000000077c242b48,0x000000077c300000)
}
Event: 4,173 GC heap before
{Heap before GC invocations=4 (full 0):
 PSYoungGen      total 68608K, used 68592K [0x00000007d7100000, 0x00000007df700000, 0x0000000800000000)
  eden space 63488K, 100% used [0x00000007d7100000,0x00000007daf00000,0x00000007daf00000)
  from space 5120K, 99% used [0x00000007daf00000,0x00000007db3fc050,0x00000007db400000)
  to   space 5120K, 0% used [0x00000007df200000,0x00000007df200000,0x00000007df700000)
 ParOldGen       total 83456K, used 7172K [0x0000000785400000, 0x000000078a580000, 0x00000007d7100000)
  object space 83456K, 8% used [0x0000000785400000,0x0000000785b010e8,0x000000078a580000)
 PSPermGen       total 26112K, used 25878K [0x000000077ae00000, 0x000000077c780000, 0x0000000785400000)
  object space 26112K, 99% used [0x000000077ae00000,0x000000077c745928,0x000000077c780000)
Event: 4,199 GC heap after
Heap after GC invocations=4 (full 0):
 PSYoungGen      total 132096K, used 5088K [0x00000007d7100000, 0x00000007df700000, 0x0000000800000000)
  eden space 126976K, 0% used [0x00000007d7100000,0x00000007d7100000,0x00000007ded00000)
  from space 5120K, 99% used [0x00000007df200000,0x00000007df6f8040,0x00000007df700000)
  to   space 5120K, 0% used [0x00000007ded00000,0x00000007ded00000,0x00000007df200000)
 ParOldGen       total 83456K, used 14314K [0x0000000785400000, 0x000000078a580000, 0x00000007d7100000)
  object space 83456K, 17% used [0x0000000785400000,0x00000007861fab68,0x000000078a580000)
 PSPermGen       total 26112K, used 25878K [0x000000077ae00000, 0x000000077c780000, 0x0000000785400000)
  object space 26112K, 99% used [0x000000077ae00000,0x000000077c745928,0x000000077c780000)
}
Event: 6,363 GC heap before
{Heap before GC invocations=5 (full 0):
 PSYoungGen      total 132096K, used 132064K [0x00000007d7100000, 0x00000007df700000, 0x0000000800000000)
  eden space 126976K, 100% used [0x00000007d7100000,0x00000007ded00000,0x00000007ded00000)
  from space 5120K, 99% used [0x00000007df200000,0x00000007df6f8040,0x00000007df700000)
  to   space 5120K, 0% used [0x00000007ded00000,0x00000007ded00000,0x00000007df200000)
 ParOldGen       total 83456K, used 14314K [0x0000000785400000, 0x000000078a580000, 0x00000007d7100000)
  object space 83456K, 17% used [0x0000000785400000,0x00000007861fab68,0x000000078a580000)
 PSPermGen       total 33280K, used 32879K [0x000000077ae00000, 0x000000077ce80000, 0x0000000785400000)
  object space 33280K, 98% used [0x000000077ae00000,0x000000077ce1be40,0x000000077ce80000)
Event: 6,396 GC heap after
Heap after GC invocations=5 (full 0):
 PSYoungGen      total 132096K, used 5092K [0x00000007d7100000, 0x00000007e9600000, 0x0000000800000000)
  eden space 126976K, 0% used [0x00000007d7100000,0x00000007d7100000,0x00000007ded00000)
  from space 5120K, 99% used [0x00000007ded00000,0x00000007df1f9020,0x00000007df200000)
  to   space 23040K, 0% used [0x00000007e7f80000,0x00000007e7f80000,0x00000007e9600000)
 ParOldGen       total 83456K, used 31319K [0x0000000785400000, 0x000000078a580000, 0x00000007d7100000)
  object space 83456K, 37% used [0x0000000785400000,0x0000000787295c58,0x000000078a580000)
 PSPermGen       total 33280K, used 32879K [0x000000077ae00000, 0x000000077ce80000, 0x0000000785400000)
  object space 33280K, 98% used [0x000000077ae00000,0x000000077ce1be40,0x000000077ce80000)
}
Event: 8,843 GC heap before
{Heap before GC invocations=6 (full 0):
 PSYoungGen      total 132096K, used 132068K [0x00000007d7100000, 0x00000007e9600000, 0x0000000800000000)
  eden space 126976K, 100% used [0x00000007d7100000,0x00000007ded00000,0x00000007ded00000)
  from space 5120K, 99% used [0x00000007ded00000,0x00000007df1f9020,0x00000007df200000)
  to   space 23040K, 0% used [0x00000007e7f80000,0x00000007e7f80000,0x00000007e9600000)
 ParOldGen       total 83456K, used 31319K [0x0000000785400000, 0x000000078a580000, 0x00000007d7100000)
  object space 83456K, 37% used [0x0000000785400000,0x0000000787295c58,0x000000078a580000)
 PSPermGen       total 38400K, used 38023K [0x000000077ae00000, 0x000000077d380000, 0x0000000785400000)
  object space 38400K, 99% used [0x000000077ae00000,0x000000077d321e30,0x000000077d380000)
Event: 8,892 GC heap after
Heap after GC invocations=6 (full 0):
 PSYoungGen      total 275456K, used 17857K [0x00000007d7100000, 0x00000007e9900000, 0x0000000800000000)
  eden space 252416K, 0% used [0x00000007d7100000,0x00000007d7100000,0x00000007e6780000)
  from space 23040K, 77% used [0x00000007e7f80000,0x00000007e90f0548,0x00000007e9600000)
  to   space 24576K, 0% used [0x00000007e6780000,0x00000007e6780000,0x00000007e7f80000)
 ParOldGen       total 83456K, used 31319K [0x0000000785400000, 0x000000078a580000, 0x00000007d7100000)
  object space 83456K, 37% used [0x0000000785400000,0x0000000787295c58,0x000000078a580000)
 PSPermGen       total 38400K, used 38023K [0x000000077ae00000, 0x000000077d380000, 0x0000000785400000)
  object space 38400K, 99% used [0x000000077ae00000,0x000000077d321e30,0x000000077d380000)
}
Event: 13,151 GC heap before
{Heap before GC invocations=7 (full 0):
 PSYoungGen      total 275456K, used 270273K [0x00000007d7100000, 0x00000007e9900000, 0x0000000800000000)
  eden space 252416K, 100% used [0x00000007d7100000,0x00000007e6780000,0x00000007e6780000)
  from space 23040K, 77% used [0x00000007e7f80000,0x00000007e90f0548,0x00000007e9600000)
  to   space 24576K, 0% used [0x00000007e6780000,0x00000007e6780000,0x00000007e7f80000)
 ParOldGen       total 83456K, used 31319K [0x0000000785400000, 0x000000078a580000, 0x00000007d7100000)
  object space 83456K, 37% used [0x0000000785400000,0x0000000787295c58,0x000000078a580000)
 PSPermGen       total 41984K, used 41874K [0x000000077ae00000, 0x000000077d700000, 0x0000000785400000)
  object space 41984K, 99% used [0x000000077ae00000,0x000000077d6e4ab0,0x000000077d700000)

Deoptimization events (10 events):
Event: 12,098 Thread 0x00007f0c4400a000 Uncommon trap: reason=class_check action=maybe_recompile pc=0x00007f0c40de1a4c method=org.gradle.api.internal.file.RelativePathSpec.isSatisfiedBy(Lorg/gradle/api/file/FileTreeElement;)Z @ 5
Event: 12,401 Thread 0x00007f0c4400a000 Uncommon trap: reason=unstable_if action=reinterpret pc=0x00007f0c40c02a34 method=java.lang.Class.arrayContentsEq([Ljava/lang/Object;[Ljava/lang/Object;)Z @ 1
Event: 12,414 Thread 0x00007f0c4400a000 Uncommon trap: reason=unstable_if action=reinterpret pc=0x00007f0c40d57518 method=org.gradle.api.internal.file.pattern.FixedStepsPathMatcher.matches([Ljava/lang/String;I)Z @ 70
Event: 12,464 Thread 0x00007f0c4400a000 Uncommon trap: reason=unstable_if action=reinterpret pc=0x00007f0c40d56840 method=org.gradle.api.internal.file.pattern.FixedStepsPathMatcher.matches([Ljava/lang/String;I)Z @ 70
Event: 12,484 Thread 0x00007f0c4400a000 Uncommon trap: reason=unstable_if action=reinterpret pc=0x00007f0c40d5a34c method=org.gradle.api.internal.file.pattern.FixedStepsPathMatcher.matches([Ljava/lang/String;I)Z @ 70
Event: 12,518 Thread 0x00007f0c4400a000 Uncommon trap: reason=unstable_if action=reinterpret pc=0x00007f0c40c8e7e0 method=org.gradle.api.internal.file.pattern.FixedStepsPathMatcher.matches([Ljava/lang/String;I)Z @ 70
Event: 12,601 Thread 0x00007f0c4400a000 Uncommon trap: reason=unstable_if action=reinterpret pc=0x00007f0c40d6ea24 method=java.math.MutableBigInteger.divideMagnitude([ILjava/math/MutableBigInteger;)Ljava/math/MutableBigInteger; @ 298
Event: 13,147 Thread 0x00007f0c4400a000 Uncommon trap: reason=bimorphic action=maybe_recompile pc=0x00007f0c40d557e4 method=java.io.DataInputStream.readInt()I @ 4
Event: 13,148 Thread 0x00007f0c4400a000 Uncommon trap: reason=bimorphic action=maybe_recompile pc=0x00007f0c40d557e4 method=java.io.DataInputStream.readInt()I @ 4
Event: 13,149 Thread 0x00007f0c4400a000 Uncommon trap: reason=bimorphic action=maybe_recompile pc=0x00007f0c40d557e4 method=java.io.DataInputStream.readInt()I @ 4

Internal exceptions (10 events):
Event: 13,113 Thread 0x00007f0c4400a000 Threw 0x00000007e65848f8 at /build/java7-openjdk/src/icedtea-2.6.7/openjdk/hotspot/src/share/vm/prims/jvm.cpp:1322
Event: 13,113 Thread 0x00007f0c4400a000 Threw 0x00000007e658a998 at /build/java7-openjdk/src/icedtea-2.6.7/openjdk/hotspot/src/share/vm/prims/jvm.cpp:1322
Event: 13,113 Thread 0x00007f0c4400a000 Threw 0x00000007e658ad68 at /build/java7-openjdk/src/icedtea-2.6.7/openjdk/hotspot/src/share/vm/classfile/systemDictionary.cpp:185
Event: 13,116 Thread 0x00007f0c4400a000 Threw 0x00000007e65b2c50 at /build/java7-openjdk/src/icedtea-2.6.7/openjdk/hotspot/src/share/vm/prims/jvm.cpp:1322
Event: 13,116 Thread 0x00007f0c4400a000 Threw 0x00000007e65b3ac8 at /build/java7-openjdk/src/icedtea-2.6.7/openjdk/hotspot/src/share/vm/prims/jvm.cpp:1322
Event: 13,116 Thread 0x00007f0c4400a000 Threw 0x00000007e65bade8 at /build/java7-openjdk/src/icedtea-2.6.7/openjdk/hotspot/src/share/vm/prims/jvm.cpp:1322
Event: 13,128 Thread 0x00007f0c4400a000 Threw 0x00000007e6662ac8 at /build/java7-openjdk/src/icedtea-2.6.7/openjdk/hotspot/src/share/vm/prims/jvm.cpp:1322
Event: 13,130 Thread 0x00007f0c4400a000 Threw 0x00000007e6677928 at /build/java7-openjdk/src/icedtea-2.6.7/openjdk/hotspot/src/share/vm/prims/jvm.cpp:1322
Event: 13,131 Thread 0x00007f0c4400a000 Threw 0x00000007e6689470 at /build/java7-openjdk/src/icedtea-2.6.7/openjdk/hotspot/src/share/vm/prims/jvm.cpp:1322
Event: 13,131 Thread 0x00007f0c4400a000 Threw 0x00000007e668df28 at /build/java7-openjdk/src/icedtea-2.6.7/openjdk/hotspot/src/share/vm/prims/jvm.cpp:1322

Events (10 events):
Event: 13,147 Thread 0x00007f0c4400a000 Uncommon trap: trap_request=0xffffffc6 fr.pc=0x00007f0c40d557e4
Event: 13,147 Thread 0x00007f0c4400a000 DEOPT PACKING pc=0x00007f0c40d557e4 sp=0x00007f0c4b0d8480
Event: 13,147 Thread 0x00007f0c4400a000 DEOPT UNPACKING pc=0x00007f0c40a13445 sp=0x00007f0c4b0d8438 mode 2
Event: 13,148 Thread 0x00007f0c4400a000 Uncommon trap: trap_request=0xffffffc6 fr.pc=0x00007f0c40d557e4
Event: 13,148 Thread 0x00007f0c4400a000 DEOPT PACKING pc=0x00007f0c40d557e4 sp=0x00007f0c4b0d8480
Event: 13,148 Thread 0x00007f0c4400a000 DEOPT UNPACKING pc=0x00007f0c40a13445 sp=0x00007f0c4b0d8438 mode 2
Event: 13,149 Thread 0x00007f0c4400a000 Uncommon trap: trap_request=0xffffffc6 fr.pc=0x00007f0c40d557e4
Event: 13,149 Thread 0x00007f0c4400a000 DEOPT PACKING pc=0x00007f0c40d557e4 sp=0x00007f0c4b0d8480
Event: 13,149 Thread 0x00007f0c4400a000 DEOPT UNPACKING pc=0x00007f0c40a13445 sp=0x00007f0c4b0d8438 mode 2
Event: 13,151 Executing VM operation: ParallelGCFailedAllocation


Dynamic libraries:
00400000-00401000 r-xp 00000000 103:06 8157404                           /usr/lib/jvm/java-7-openjdk/jre/bin/java
00600000-00601000 rw-p 00000000 103:06 8157404                           /usr/lib/jvm/java-7-openjdk/jre/bin/java
01a09000-01a2a000 rw-p 00000000 00:00 0                                  [heap]
77ae00000-77d700000 rw-p 00000000 00:00 0 
77d700000-785400000 rw-p 00000000 00:00 0 
785400000-78a580000 rw-p 00000000 00:00 0 
78a580000-7d7100000 rw-p 00000000 00:00 0 
7d7100000-7e9900000 rw-p 00000000 00:00 0 
7fa500000-800000000 rw-p 00000000 00:00 0 
7f0bf8000000-7f0bf8021000 rw-p 00000000 00:00 0 
7f0bf8021000-7f0bfc000000 ---p 00000000 00:00 0 
7f0c00000000-7f0c00021000 rw-p 00000000 00:00 0 
7f0c00021000-7f0c04000000 ---p 00000000 00:00 0 
7f0c04000000-7f0c04021000 rw-p 00000000 00:00 0 
7f0c04021000-7f0c08000000 ---p 00000000 00:00 0 
7f0c08000000-7f0c0943a000 rw-p 00000000 00:00 0 
7f0c0943a000-7f0c0c000000 ---p 00000000 00:00 0 
7f0c0c000000-7f0c0c021000 rw-p 00000000 00:00 0 
7f0c0c021000-7f0c10000000 ---p 00000000 00:00 0 
7f0c10000000-7f0c10021000 rw-p 00000000 00:00 0 
7f0c10021000-7f0c14000000 ---p 00000000 00:00 0 
7f0c14000000-7f0c1536d000 rw-p 00000000 00:00 0 
7f0c1536d000-7f0c18000000 ---p 00000000 00:00 0 
7f0c18000000-7f0c18021000 rw-p 00000000 00:00 0 
7f0c18021000-7f0c1c000000 ---p 00000000 00:00 0 
7f0c1c000000-7f0c1c021000 rw-p 00000000 00:00 0 
7f0c1c021000-7f0c20000000 ---p 00000000 00:00 0 
7f0c20000000-7f0c2002c000 rw-p 00000000 00:00 0 
7f0c2002c000-7f0c24000000 ---p 00000000 00:00 0 
7f0c26fe3000-7f0c27013000 r--p 00000000 103:06 7996459                   /usr/share/locale/ru/LC_MESSAGES/libc.mo
7f0c27013000-7f0c27015000 r--s 00005000 103:06 5775761                   /home/yuran/.gradle/caches/modules-2/files-2.1/org.abego.treelayout/org.abego.treelayout.core/1.0.1/e31e79cba7a5414cf18fa69f3f0a2cf9ee997b61/org.abego.treelayout.core-1.0.1.jar
7f0c27015000-7f0c27016000 r--s 00002000 103:06 5775749                   /home/yuran/.gradle/caches/modules-2/files-2.1/com.tunnelvisionlabs/antlr4-annotations/4.5/2c5996120a0ac690de575bd8ac36250e6720a6b8/antlr4-annotations-4.5.jar
7f0c27016000-7f0c2701d000 r--s 00062000 103:06 5775747                   /home/yuran/.gradle/caches/modules-2/files-2.1/com.tunnelvisionlabs/antlr4-runtime/4.5/5067478827a98f5ab77d9fc577903edc57af3da4/antlr4-runtime-4.5.jar
7f0c2701d000-7f0c27020000 r--s 0002d000 103:06 5775743                   /home/yuran/.gradle/caches/modules-2/files-2.1/com.android.tools.lint/lint-api/24.5.0/7d93eb96a2f07860ab8d9ae761ebe5c416777fcf/lint-api-24.5.0.jar
7f0c27020000-7f0c27024000 r--s 00037000 103:06 5775741                   /home/yuran/.gradle/caches/modules-2/files-2.1/org.antlr/ST4/4.0.8/a1c55e974f8a94d78e2348fa6ff63f4fa1fae64/ST4-4.0.8.jar
7f0c27024000-7f0c27025000 r--s 00005000 103:06 5775729                   /home/yuran/.gradle/caches/modules-2/files-2.1/com.android.tools/dvlib/24.5.0/bb3cda7db1fa6c9543e887a8c451d0449e76fa4/dvlib-24.5.0.jar
7f0c27025000-7f0c27028000 r--s 00013000 103:06 5644899                   /home/yuran/.gradle/caches/modules-2/files-2.1/com.android.tools.layoutlib/layoutlib-api/24.5.0/387949832720a36855711d2033cd4122e945f36e/layoutlib-api-24.5.0.jar
7f0c27028000-7f0c2702d000 r--s 00058000 103:06 5644897                   /home/yuran/.gradle/caches/modules-2/files-2.1/org.ow2.asm/asm-debug-all/5.0.1/f69b5f7d96cec0d448acf1c1a266584170c9643b/asm-debug-all-5.0.1.jar
7f0c2702d000-7f0c27030000 r--s 00033000 103:06 5644893                   /home/yuran/.gradle/caches/modules-2/files-2.1/com.googlecode.juniversalchardet/juniversalchardet/1.0.3/cd49678784c46aa8789c060538e0154013bb421b/juniversalchardet-1.0.3.jar
7f0c27030000-7f0c27034000 r--s 0002a000 103:06 5644891                   /home/yuran/.gradle/caches/modules-2/files-2.1/commons-io/commons-io/2.4/b1b6ea3b7e4aa4f492509a4952029cd8e48019ad/commons-io-2.4.jar
7f0c27034000-7f0c2703e000 r--s 00099000 103:06 5644889                   /home/yuran/.gradle/caches/modules-2/files-2.1/com.tunnelvisionlabs/antlr4/4.5/a0e860e317147848e69ac145bc5196901a9993bf/antlr4-4.5.jar
7f0c2703e000-7f0c27045000 r--s 0005e000 103:06 5644887                   /home/yuran/.gradle/caches/modules-2/files-2.1/org.apache.commons/commons-lang3/3.3.2/90a3822c38ec8c996e84c16a3477ef632cbc87a3/commons-lang3-3.3.2.jar
7f0c27045000-7f0c27046000 r--s 00002000 103:06 5644885                   /home/yuran/.gradle/caches/modules-2/files-2.1/com.android.databinding/baseLibrary/1.0-rc5/4d15bfec5956b906a26527dbde26a4fc84326611/baseLibrary-1.0-rc5.jar
7f0c27046000-7f0c27047000 r--s 00001000 103:06 5380156                   /home/yuran/.gradle/caches/modules-2/files-2.1/com.android.tools/annotations/24.5.0/7f2bcdf40b008f15481324327b7f9e377b0b1697/annotations-24.5.0.jar
7f0c27047000-7f0c2704d000 r--s 000af000 103:06 5116467                   /home/yuran/.gradle/caches/modules-2/files-2.1/com.android.tools.lint/lint-checks/24.5.0/dbdca0447c2333481823e088a356393e653276b4/lint-checks-24.5.0.jar
7f0c2704d000-7f0c27057000 r--s 00110000 103:06 4987657                   /home/yuran/.gradle/caches/modules-2/files-2.1/org.antlr/antlr/3.5.2/c4a65c950bfc3e7d04309c515b2177c00baf7764/antlr-3.5.2.jar
7f0c27057000-7f0c2705a000 r--s 00026000 103:06 4877501                   /home/yuran/.gradle/caches/modules-2/files-2.1/org.antlr/antlr-runtime/3.5.2/cd9cd41361c155f3af0f653009dcecb08d8b4afd/antlr-runtime-3.5.2.jar
7f0c2705a000-7f0c2705f000 r--s 00047000 103:06 4340409                   /home/yuran/.gradle/caches/modules-2/files-2.1/com.android.tools.ddms/ddmlib/24.5.0/d45670b5511da60d2939a1eece4c7c4407fee95b/ddmlib-24.5.0.jar
7f0c2705f000-7f0c27063000 r--s 00027000 103:06 4340407                   /home/yuran/.gradle/caches/modules-2/files-2.1/com.android.tools.build/manifest-merger/24.5.0/dc521cf0bc3565f990d4da7fac4aabc73b6d62cf/manifest-merger-24.5.0.jar
7f0c27063000-7f0c27065000 r--s 00016000 103:06 4206921                   /home/yuran/.gradle/caches/modules-2/files-2.1/com.android.tools/common/24.5.0/55436737b893bac95c978b184dd35c76002d2eef/common-24.5.0.jar
7f0c27065000-7f0c2706d000 r--s 00079000 103:06 4206919                   /home/yuran/.gradle/caches/modules-2/files-2.1/com.android.tools/sdk-common/24.5.0/e9b9c057d8df82ee7bc682558fe21b2110b3e40a/sdk-common-24.5.0.jar
7f0c2706d000-7f0c27077000 r--s 000ab000 103:06 4206917                   /home/yuran/.gradle/caches/modules-2/files-2.1/com.android.tools/sdklib/24.5.0/473c60ca5786363b6b3ea944446cf41676207ca7/sdklib-24.5.0.jar
7f0c27077000-7f0c27078000 r--s 00002000 103:06 4077982                   /home/yuran/.gradle/caches/modules-2/files-2.1/com.android.tools.build/builder-test-api/1.5.0/d9240c30b1bb243b4f57c48f734df2635fbd07e/builder-test-api-1.5.0.jar
7f0c27078000-7f0c2707a000 r--s 00005000 103:06 4077976                   /home/yuran/.gradle/caches/modules-2/files-2.1/com.android.tools.build/builder-model/1.5.0/51a48a2f4c1da923b0b8bb174e57bc68ee040889/builder-model-1.5.0.jar
7f0c2707a000-7f0c2707e000 r--s 0001e000 103:06 3946809                   /home/yuran/.gradle/caches/modules-2/files-2.1/org.jacoco/org.jacoco.core/0.7.4.201502262128/31482f50411a3a5769b6c78fa9b97ba731c205e7/org.jacoco.core-0.7.4.201502262128.jar
7f0c2707e000-7f0c27082000 r--s 00026000 103:06 3820299                   /home/yuran/.gradle/caches/modules-2/files-2.1/com.android.databinding/compilerCommon/1.0-rc5/3152caf6b493a20e5b0d63bb36f5322dbce6d10f/compilerCommon-1.0-rc5.jar
7f0c27082000-7f0c27084000 r--s 00001000 103:06 3820297                   /home/yuran/.gradle/caches/modules-2/files-2.1/com.android.tools.build/transform-api/1.5.0/90f914a7972579a4cc726c9e0022878f6c675e2/transform-api-1.5.0.jar
7f0c27084000-7f0c27086000 r--s 00022000 103:06 3693368                   /home/yuran/.gradle/caches/modules-2/files-2.1/com.android.tools.lint/lint/24.5.0/461d7d801b822cbeb7daf001924fe1c616ce9535/lint-24.5.0.jar
7f0c27086000-7f0c2708c000 r--s 0005a000 103:06 3693366                   /home/yuran/.gradle/caches/modules-2/files-2.1/com.android.tools.build/builder/1.5.0/1dcd59f6f3c90b2a8bc7156d091ad1b87a41beed/builder-1.5.0.jar
7f0c2708c000-7f0c270a3000 r--s 0012c000 103:06 3547756                   /home/yuran/.gradle/caches/modules-2/files-2.1/com.android.tools.build/gradle-core/1.5.0/70915a3f0ef4243d4630ea23219f5445fac82700/gradle-core-1.5.0.jar
7f0c270a3000-7f0c270a5000 r--s 0000d000 103:06 3547754                   /home/yuran/.gradle/caches/modules-2/files-2.1/com.android.tools.build/gradle/1.5.0/ca6476d93e374e70d0b7ca45ddc86151da840aa6/gradle-1.5.0.jar
7f0c270a5000-7f0c270ad000 r--s 000a8000 103:06 5775759                   /home/yuran/.gradle/caches/modules-2/files-2.1/com.android.tools.external.lombok/lombok-ast/0.2.3/528b6f8bde3157f17530aa366631f2aad2a6cf9/lombok-ast-0.2.3.jar
7f0c270ad000-7f0c270af000 r--s 0000d000 103:06 5775757                   /home/yuran/.gradle/caches/modules-2/files-2.1/commons-codec/commons-codec/1.4/4216af16d38465bbab0f3dff8efa14204f7a399a/commons-codec-1.4.jar
7f0c270af000-7f0c270b1000 r--s 0000d000 103:06 5775755                   /home/yuran/.gradle/caches/modules-2/files-2.1/commons-logging/commons-logging/1.1.1/5043bfebc3db072ed80fbd362e7caf00e885d8ae/commons-logging-1.1.1.jar
7f0c270b1000-7f0c270b6000 r--s 00028000 103:06 5775753                   /home/yuran/.gradle/caches/modules-2/files-2.1/org.apache.httpcomponents/httpcore/4.1/33fc26c02f8043ab0ede19eadc8c9885386b255c/httpcore-4.1.jar
7f0c270b6000-7f0c270b7000 r--s 00004000 103:06 5775751                   /home/yuran/.gradle/caches/modules-2/files-2.1/com.intellij/annotations/12.0/bbcf6448f6d40abe506e2c83b70a3e8bfd2b4539/annotations-12.0.jar
7f0c270b7000-7f0c270b8000 r--s 00004000 103:06 5775745                   /home/yuran/.gradle/caches/modules-2/files-2.1/org.ow2.asm/asm-analysis/5.0.3/c7126aded0e8e13fed5f913559a0dd7b770a10f3/asm-analysis-5.0.3.jar
7f0c270b8000-7f0c270bb000 r--s 0002d000 103:06 5261125                   /home/yuran/.gradle/caches/modules-2/files-2.1/com.android.tools.lint/lint-api/24.3.1/f5666b0d8408e79273a17cbe89c673c98f37b9fa/lint-api-24.3.1.jar
7f0c270bb000-7f0c270bc000 r--s 0000a000 103:06 5775739                   /home/yuran/.gradle/caches/modules-2/files-2.1/net.sf.kxml/kxml2/2.3.0/ccbc77a5fd907ef863c29f3596c6f54ffa4e9442/kxml2-2.3.0.jar
7f0c270bc000-7f0c270e7000 r--s 001f9000 103:06 5508749                   /home/yuran/.gradle/caches/modules-2/files-2.1/com.google.guava/guava/17.0/9c6ef172e8de35fd8d4d8783e4821e57cdef7445/guava-17.0.jar
7f0c270e7000-7f0c270e9000 r--s 00005000 103:06 5775737                   /home/yuran/.gradle/caches/modules-2/files-2.1/org.apache.httpcomponents/httpmime/4.1/9ba2dcdf94ce35c8a8e9bff242db0618ca932e92/httpmime-4.1.jar
7f0c270e9000-7f0c270f1000 r--s 0004e000 103:06 5775735                   /home/yuran/.gradle/caches/modules-2/files-2.1/org.apache.httpcomponents/httpclient/4.1.1/3d1d918f32709e33ba7ddb2c4e8d1c543ebe713e/httpclient-4.1.1.jar
7f0c270f1000-7f0c270f8000 r--s 00053000 103:06 5775733                   /home/yuran/.gradle/caches/modules-2/files-2.1/org.apache.commons/commons-compress/1.8.1/a698750c16740fd5b3871425f4cb3bbaa87f529d/commons-compress-1.8.1.jar
7f0c270f8000-7f0c270fd000 r--s 0002a000 103:06 5775731                   /home/yuran/.gradle/caches/modules-2/files-2.1/com.google.code.gson/gson/2.2.4/a60a5e993c98c864010053cb901b7eab25306568/gson-2.2.4.jar
7f0c270fd000-7f0c270fe000 r--s 00005000 103:06 5134262                   /home/yuran/.gradle/caches/modules-2/files-2.1/com.android.tools/dvlib/24.3.1/1d78ec584fb99277e54e849b8ab57b860d590c17/dvlib-24.3.1.jar
7f0c270fe000-7f0c27101000 r--s 00013000 103:06 5134260                   /home/yuran/.gradle/caches/modules-2/files-2.1/com.android.tools.layoutlib/layoutlib-api/24.3.1/982783a222369254fce34336cc48155bbd87e3fd/layoutlib-api-24.3.1.jar
7f0c27101000-7f0c27102000 r--s 00001000 103:06 5134258                   /home/yuran/.gradle/caches/modules-2/files-2.1/com.android.tools/annotations/24.3.1/3c0f015e74a277e90ca34229458dd767aa39bb30/annotations-24.3.1.jar
7f0c27102000-7f0c27112000 r--s 000d6000 103:06 5644895                   /home/yuran/.gradle/caches/modules-2/files-2.1/net.sf.proguard/proguard-base/5.2.1/4f61348b4e7c943b85679dcb697f3a5fc3101921/proguard-base-5.2.1.jar
7f0c27112000-7f0c27124000 r--s 00223000 103:06 5246897                   /home/yuran/.gradle/caches/modules-2/files-2.1/org.eclipse.jdt.core.compiler/ecj/4.4.2/71d67f5bab9465ec844596ef844f40902ae25392/ecj-4.4.2.jar
7f0c27124000-7f0c2712a000 r--s 0009f000 103:06 5134256                   /home/yuran/.gradle/caches/modules-2/files-2.1/com.android.tools.lint/lint-checks/24.3.1/ee1edb630d923511bb46bef4da148dcb0a74a029/lint-checks-24.3.1.jar
7f0c2712a000-7f0c2712b000 r--s 00001000 103:06 4491100                   /home/yuran/.gradle/caches/modules-2/files-2.1/com.android.tools.jill/jill-api/0.9.0/9a83e898b15c853f6c92c74791064ca400cd3f3/jill-api-0.9.0.jar
7f0c2712b000-7f0c2712d000 r--s 00002000 103:06 4340411                   /home/yuran/.gradle/caches/modules-2/files-2.1/com.android.tools.jack/jack-api/0.9.0/6b474acfffc1e9d9e03df4ab3579b5fef852ed23/jack-api-0.9.0.jar
7f0c2712d000-7f0c2712f000 r--s 00006000 103:06 4736819                   /home/yuran/.gradle/caches/modules-2/files-2.1/org.ow2.asm/asm-tree/5.0.3/287749b48ba7162fb67c93a026d690b29f410bed/asm-tree-5.0.3.jar
7f0c2712f000-7f0c27130000 r--s 0000c000 103:06 4736817                   /home/yuran/.gradle/caches/modules-2/files-2.1/org.ow2.asm/asm/5.0.3/dcc2193db20e19e1feca8b1240dbbc4e190824fa/asm-5.0.3.jar
7f0c27130000-7f0c27163000 r--s 00203000 103:06 4608775                   /home/yuran/.gradle/caches/modules-2/files-2.1/org.bouncycastle/bcprov-jdk15on/1.48/960dea7c9181ba0b17e8bab0c06a43f0a5f04e65/bcprov-jdk15on-1.48.jar
7f0c27163000-7f0c27171000 r--s 00081000 103:06 4608773                   /home/yuran/.gradle/caches/modules-2/files-2.1/org.bouncycastle/bcpkix-jdk15on/1.48/28b7614b908a47844bb27e3c94b45b6893656265/bcpkix-jdk15on-1.48.jar
7f0c27171000-7f0c27173000 r--s 00002000 103:06 4491102                   /home/yuran/.gradle/caches/modules-2/files-2.1/com.squareup/javawriter/2.5.0/81241ff7078ef14f42ea2a8995fa09c096256e6b/javawriter-2.5.0.jar
7f0c27173000-7f0c27177000 r--s 00044000 103:06 5134254                   /home/yuran/.gradle/caches/modules-2/files-2.1/com.android.tools.ddms/ddmlib/24.3.1/2018ea863b14fe3aeaf2b49316ee98567e1d9c11/ddmlib-24.3.1.jar
7f0c27177000-7f0c2717a000 r--s 00028000 103:06 5134252                   /home/yuran/.gradle/caches/modules-2/files-2.1/com.android.tools.build/manifest-merger/24.3.1/b9b0fc1064f963774beb573469ac371bf0c2c461/manifest-merger-24.3.1.jar
7f0c2717a000-7f0c2717c000 r--s 00015000 103:06 5134250                   /home/yuran/.gradle/caches/modules-2/files-2.1/com.android.tools/common/24.3.1/92f1a60ebb004e2969661315de200232f90e0a80/common-24.3.1.jar
7f0c2717c000-7f0c27183000 r--s 00068000 103:06 5134248                   /home/yuran/.gradle/caches/modules-2/files-2.1/com.android.tools/sdk-common/24.3.1/5c28ab2dda1600eddaa978e095f0d8c044cac33b/sdk-common-24.3.1.jar
7f0c27183000-7f0c2718d000 r--s 000ab000 103:06 5134246                   /home/yuran/.gradle/caches/modules-2/files-2.1/com.android.tools/sdklib/24.3.1/1a4226d7db1381552b94fee30453a08fbfd678a5/sdklib-24.3.1.jar
7f0c2718d000-7f0c2718e000 r--s 00002000 103:06 4602772                   /home/yuran/.gradle/caches/modules-2/files-2.1/com.android.tools.build/builder-test-api/1.3.1/1954d436ec3eeea11070e91e6c808232837728b8/builder-test-api-1.3.1.jar
7f0c2718e000-7f0c2718f000 r--s 00005000 103:06 4473239                   /home/yuran/.gradle/caches/modules-2/files-2.1/com.android.tools.build/builder-model/1.3.1/16c0a3e34af44f31f757144d7c1bf045777dff88/builder-model-1.3.1.jar
7f0c2718f000-7f0c27190000 r--s 00002000 103:06 3946807                   /home/yuran/.gradle/caches/modules-2/files-2.1/net.sf.proguard/proguard-gradle/5.2.1/5e9956c050fd84fa043517e77c4c0ff175a6b002/proguard-gradle-5.2.1.jar
7f0c27190000-7f0c27196000 r--s 0003f000 103:06 4209678                   /home/yuran/.gradle/caches/modules-2/files-2.1/com.android.tools.build/builder/1.3.1/83e6307a43477f2a5ff0b5b654b131425c3dcbc5/builder-1.3.1.jar
7f0c27196000-7f0c27199000 ---p 00000000 00:00 0 
7f0c27199000-7f0c27297000 rw-p 00000000 00:00 0 
7f0c27297000-7f0c2729a000 ---p 00000000 00:00 0 
7f0c2729a000-7f0c272d0000 rw-p 00000000 00:00 0 
7f0c272d0000-7f0c2733b000 r--s 0069c000 103:06 2360232                   /usr/lib/jvm/java-7-openjdk/lib/tools.jar
7f0c2733b000-7f0c27340000 r--s 0001a000 103:06 3942417                   /home/yuran/.gradle/wrapper/dists/gradle-2.4-all/6r4uqcc6ovnq6ac6s0txzcpc0/gradle-2.4/lib/plugins/gradle-language-native-2.4.jar
7f0c27340000-7f0c27345000 r--s 00022000 103:06 3942416                   /home/yuran/.gradle/wrapper/dists/gradle-2.4-all/6r4uqcc6ovnq6ac6s0txzcpc0/gradle-2.4/lib/plugins/gradle-platform-play-2.4.jar
7f0c27345000-7f0c27352000 r--s 00057000 103:06 3942415                   /home/yuran/.gradle/wrapper/dists/gradle-2.4-all/6r4uqcc6ovnq6ac6s0txzcpc0/gradle-2.4/lib/plugins/gradle-platform-native-2.4.jar
7f0c27352000-7f0c27355000 r--s 00008000 103:06 3942414                   /home/yuran/.gradle/wrapper/dists/gradle-2.4-all/6r4uqcc6ovnq6ac6s0txzcpc0/gradle-2.4/lib/plugins/gradle-language-scala-2.4.jar
7f0c27355000-7f0c27357000 r--s 00009000 103:06 3942413                   /home/yuran/.gradle/wrapper/dists/gradle-2.4-all/6r4uqcc6ovnq6ac6s0txzcpc0/gradle-2.4/lib/plugins/gradle-language-groovy-2.4.jar
7f0c27357000-7f0c2735d000 r--s 00023000 103:06 3942412                   /home/yuran/.gradle/wrapper/dists/gradle-2.4-all/6r4uqcc6ovnq6ac6s0txzcpc0/gradle-2.4/lib/plugins/gradle-language-java-2.4.jar
7f0c2735d000-7f0c2735f000 r--s 00008000 103:06 3942411                   /home/yuran/.gradle/wrapper/dists/gradle-2.4-all/6r4uqcc6ovnq6ac6s0txzcpc0/gradle-2.4/lib/plugins/gradle-language-jvm-2.4.jar
7f0c2735f000-7f0c27361000 r--s 00009000 103:06 3942410                   /home/yuran/.gradle/wrapper/dists/gradle-2.4-all/6r4uqcc6ovnq6ac6s0txzcpc0/gradle-2.4/lib/plugins/gradle-platform-jvm-2.4.jar
7f0c27361000-7f0c27368000 r--s 00020000 103:06 3942409                   /home/yuran/.gradle/wrapper/dists/gradle-2.4-all/6r4uqcc6ovnq6ac6s0txzcpc0/gradle-2.4/lib/plugins/gradle-platform-base-2.4.jar
7f0c27368000-7f0c2736b000 r--s 00020000 103:06 4338247                   /home/yuran/.gradle/caches/modules-2/files-2.1/com.android.tools.lint/lint/24.3.1/57cb2a6361f32753bee3670f072f097840219e34/lint-24.3.1.jar
7f0c2736b000-7f0c27380000 r--s 00148000 103:06 4083875                   /home/yuran/.gradle/caches/modules-2/files-2.1/com.android.tools.build/gradle-core/1.3.1/70731f5b83a22faa2f25d6281f6812977f64f520/gradle-core-1.3.1.jar
7f0c27380000-7f0c27382000 r--s 00012000 103:06 3943743                   /home/yuran/.gradle/caches/modules-2/files-2.1/com.android.tools.build/gradle/1.3.1/f9f3d53c24efd3b9176ec36aeed9c518954c2fd9/gradle-1.3.1.jar
7f0c27382000-7f0c2738c000 r--s 000ae000 103:06 8157286                   /usr/lib/jvm/java-7-openjdk/jre/lib/resources.jar
7f0c2738c000-7f0c2738d000 r--p 00000000 00:00 0 
7f0c2738d000-7f0c2738e000 r--s 00002000 103:06 3942425                   /home/yuran/.gradle/wrapper/dists/gradle-2.4-all/6r4uqcc6ovnq6ac6s0txzcpc0/gradle-2.4/lib/plugins/gradle-tooling-api-builders-2.4.jar
7f0c2738e000-7f0c2739d000 r--s 00081000 103:06 3942470                   /home/yuran/.gradle/wrapper/dists/gradle-2.4-all/6r4uqcc6ovnq6ac6s0txzcpc0/gradle-2.4/lib/plugins/joda-time-2.7.jar
7f0c2739d000-7f0c273ae000 r--s 000cf000 103:06 3942469                   /home/yuran/.gradle/wrapper/dists/gradle-2.4-all/6r4uqcc6ovnq6ac6s0txzcpc0/gradle-2.4/lib/plugins/jackson-databind-2.3.2.jar
7f0c273ae000-7f0c273b0000 r--s 00007000 103:06 3942468                   /home/yuran/.gradle/wrapper/dists/gradle-2.4-all/6r4uqcc6ovnq6ac6s0txzcpc0/gradle-2.4/lib/plugins/jackson-annotations-2.3.2.jar
7f0c273b0000-7f0c273b3000 r--s 0002e000 103:06 3942467                   /home/yuran/.gradle/wrapper/dists/gradle-2.4-all/6r4uqcc6ovnq6ac6s0txzcpc0/gradle-2.4/lib/plugins/jackson-core-2.3.2.jar
7f0c273b3000-7f0c273be000 r--s 0006b000 103:06 3942466                   /home/yuran/.gradle/wrapper/dists/gradle-2.4-all/6r4uqcc6ovnq6ac6s0txzcpc0/gradle-2.4/lib/plugins/aws-java-sdk-core-1.9.19.jar
7f0c273be000-7f0c273c4000 r--s 00036000 103:06 3942465                   /home/yuran/.gradle/wrapper/dists/gradle-2.4-all/6r4uqcc6ovnq6ac6s0txzcpc0/gradle-2.4/lib/plugins/aws-java-sdk-kms-1.9.19.jar
7f0c273c4000-7f0c273cf000 r--s 00079000 103:06 3942464                   /home/yuran/.gradle/wrapper/dists/gradle-2.4-all/6r4uqcc6ovnq6ac6s0txzcpc0/gradle-2.4/lib/plugins/aws-java-sdk-s3-1.9.19.jar
7f0c273cf000-7f0c273d0000 r--s 00003000 103:06 3942424                   /home/yuran/.gradle/wrapper/dists/gradle-2.4-all/6r4uqcc6ovnq6ac6s0txzcpc0/gradle-2.4/lib/plugins/gradle-resources-s3-2.4.jar
7f0c273d0000-7f0c273d2000 r--s 00003000 103:06 3942423                   /home/yuran/.gradle/wrapper/dists/gradle-2.4-all/6r4uqcc6ovnq6ac6s0txzcpc0/gradle-2.4/lib/plugins/gradle-resources-sftp-2.4.jar
7f0c273d2000-7f0c273d3000 r--s 00001000 103:06 3942420                   /home/yuran/.gradle/wrapper/dists/gradle-2.4-all/6r4uqcc6ovnq6ac6s0txzcpc0/gradle-2.4/lib/plugins/gradle-plugin-development-2.4.jar
7f0c273d3000-7f0c273d4000 r--s 00005000 103:06 3942419                   /home/yuran/.gradle/wrapper/dists/gradle-2.4-all/6r4uqcc6ovnq6ac6s0txzcpc0/gradle-2.4/lib/plugins/gradle-testing-native-2.4.jar
7f0c273d4000-7f0c273d9000 r--s 00036000 103:06 3942418                   /home/yuran/.gradle/wrapper/dists/gradle-2.4-all/6r4uqcc6ovnq6ac6s0txzcpc0/gradle-2.4/lib/plugins/gradle-ide-native-2.4.jar
7f0c273d9000-7f0c273dd000 r--s 00025000 103:06 3942408                   /home/yuran/.gradle/wrapper/dists/gradle-2.4-all/6r4uqcc6ovnq6ac6s0txzcpc0/gradle-2.4/lib/plugins/gradle-build-init-2.4.jar
7f0c273dd000-7f0c273e0000 r--s 0001c000 103:06 3942407                   /home/yuran/.gradle/wrapper/dists/gradle-2.4-all/6r4uqcc6ovnq6ac6s0txzcpc0/gradle-2.4/lib/plugins/gradle-jacoco-2.4.jar
7f0c273e0000-7f0c273e3000 r--s 0000e000 103:06 3942406                   /home/yuran/.gradle/wrapper/dists/gradle-2.4-all/6r4uqcc6ovnq6ac6s0txzcpc0/gradle-2.4/lib/plugins/gradle-ivy-2.4.jar
7f0c273e3000-7f0c273e5000 r--s 00002000 103:06 3942405                   /home/yuran/.gradle/wrapper/dists/gradle-2.4-all/6r4uqcc6ovnq6ac6s0txzcpc0/gradle-2.4/lib/plugins/gradle-publish-2.4.jar
7f0c273e5000-7f0c273e7000 r--s 00005000 103:06 3942460                   /home/yuran/.gradle/wrapper/dists/gradle-2.4-all/6r4uqcc6ovnq6ac6s0txzcpc0/gradle-2.4/lib/plugins/jatl-0.2.2.jar
7f0c273e7000-7f0c273e9000 r--s 0000f000 103:06 3942404                   /home/yuran/.gradle/wrapper/dists/gradle-2.4-all/6r4uqcc6ovnq6ac6s0txzcpc0/gradle-2.4/lib/plugins/gradle-reporting-2.4.jar
7f0c273e9000-7f0c273f0000 r--s 00029000 103:06 3942439                   /home/yuran/.gradle/wrapper/dists/gradle-2.4-all/6r4uqcc6ovnq6ac6s0txzcpc0/gradle-2.4/lib/plugins/plexus-container-default-1.0-alpha-9-stable-1.jar
7f0c273f0000-7f0c273f2000 r--s 00008000 103:06 3942438                   /home/yuran/.gradle/wrapper/dists/gradle-2.4-all/6r4uqcc6ovnq6ac6s0txzcpc0/gradle-2.4/lib/plugins/classworlds-1.1-alpha-2.jar
7f0c273f2000-7f0c273f7000 r--s 00036000 103:06 3942403                   /home/yuran/.gradle/wrapper/dists/gradle-2.4-all/6r4uqcc6ovnq6ac6s0txzcpc0/gradle-2.4/lib/plugins/gradle-diagnostics-2.4.jar
7f0c273f7000-7f0c273fe000 r--s 00094000 103:06 3942402                   /home/yuran/.gradle/wrapper/dists/gradle-2.4-all/6r4uqcc6ovnq6ac6s0txzcpc0/gradle-2.4/lib/plugins/gradle-build-comparison-2.4.jar
7f0c273fe000-7f0c27405000 r--s 00035000 103:06 3942459                   /home/yuran/.gradle/wrapper/dists/gradle-2.4-all/6r4uqcc6ovnq6ac6s0txzcpc0/gradle-2.4/lib/plugins/simple-4.1.21.jar
7f0c27405000-7f0c27411000 r--s 00100000 103:06 3942457                   /home/yuran/.gradle/wrapper/dists/gradle-2.4-all/6r4uqcc6ovnq6ac6s0txzcpc0/gradle-2.4/lib/plugins/rhino-1.7R3.jar
7f0c27411000-7f0c27416000 r--s 0001f000 103:06 3942401                   /home/yuran/.gradle/wrapper/dists/gradle-2.4-all/6r4uqcc6ovnq6ac6s0txzcpc0/gradle-2.4/lib/plugins/gradle-javascript-2.4.jar
7f0c27416000-7f0c27418000 r--s 0000e000 103:06 3942400                   /home/yuran/.gradle/wrapper/dists/gradle-2.4-all/6r4uqcc6ovnq6ac6s0txzcpc0/gradle-2.4/lib/plugins/gradle-ear-2.4.jar
7f0c27418000-7f0c2741f000 r--s 00038000 103:06 3942456                   /home/yuran/.gradle/wrapper/dists/gradle-2.4-all/6r4uqcc6ovnq6ac6s0txzcpc0/gradle-2.4/lib/plugins/bcpg-jdk15on-1.51.jar
7f0c2741f000-7f0c27422000 r--s 0001d000 103:06 3942399                   /home/yuran/.gradle/wrapper/dists/gradle-2.4-all/6r4uqcc6ovnq6ac6s0txzcpc0/gradle-2.4/lib/plugins/gradle-signing-2.4.jar
7f0c27422000-7f0c27423000 r--s 00002000 103:06 3942455                   /home/yuran/.gradle/wrapper/dists/gradle-2.4-all/6r4uqcc6ovnq6ac6s0txzcpc0/gradle-2.4/lib/plugins/sonar-batch-bootstrapper-2.9.jar
7f0c27423000-7f0c27426000 r--s 00019000 103:06 3942398                   /home/yuran/.gradle/wrapper/dists/gradle-2.4-all/6r4uqcc6ovnq6ac6s0txzcpc0/gradle-2.4/lib/plugins/gradle-sonar-2.4.jar
7f0c27426000-7f0c27428000 r--s 00013000 103:06 3942397                   /home/yuran/.gradle/wrapper/dists/gradle-2.4-all/6r4uqcc6ovnq6ac6s0txzcpc0/gradle-2.4/lib/plugins/gradle-scala-2.4.jar
7f0c27428000-7f0c27429000 r--s 0000e000 103:06 3942396                   /home/yuran/.gradle/wrapper/dists/gradle-2.4-all/6r4uqcc6ovnq6ac6s0txzcpc0/gradle-2.4/lib/plugins/gradle-announce-2.4.jar
7f0c27429000-7f0c27436000 r--s 000b9000 103:06 3942395                   /home/yuran/.gradle/wrapper/dists/gradle-2.4-all/6r4uqcc6ovnq6ac6s0txzcpc0/gradle-2.4/lib/plugins/gradle-ide-2.4.jar
7f0c27436000-7f0c27438000 r--s 00000000 103:06 3942454                   /home/yuran/.gradle/wrapper/dists/gradle-2.4-all/6r4uqcc6ovnq6ac6s0txzcpc0/gradle-2.4/lib/plugins/plexus-component-annotations-1.5.2.jar
7f0c27438000-7f0c2743b000 r--s 0000c000 103:06 3942453                   /home/yuran/.gradle/wrapper/dists/gradle-2.4-all/6r4uqcc6ovnq6ac6s0txzcpc0/gradle-2.4/lib/plugins/pmaven-groovy-0.8-20100325.jar
7f0c2743b000-7f0c2743c000 r--s 00004000 103:06 3942452                   /home/yuran/.gradle/wrapper/dists/gradle-2.4-all/6r4uqcc6ovnq6ac6s0txzcpc0/gradle-2.4/lib/plugins/pmaven-common-0.8-20100325.jar
7f0c2743c000-7f0c2743e000 r--s 0000b000 103:06 3942451                   /home/yuran/.gradle/wrapper/dists/gradle-2.4-all/6r4uqcc6ovnq6ac6s0txzcpc0/gradle-2.4/lib/plugins/wagon-provider-api-1.0-beta-6.jar
7f0c2743e000-7f0c2743f000 r--s 00003000 103:06 3942450                   /home/yuran/.gradle/wrapper/dists/gradle-2.4-all/6r4uqcc6ovnq6ac6s0txzcpc0/gradle-2.4/lib/plugins/wagon-http-lightweight-1.0-beta-6.jar
7f0c2743f000-7f0c27440000 r--s 00002000 103:06 3942449                   /home/yuran/.gradle/wrapper/dists/gradle-2.4-all/6r4uqcc6ovnq6ac6s0txzcpc0/gradle-2.4/lib/plugins/wagon-file-1.0-beta-6.jar
7f0c27440000-7f0c27441000 r--s 0000b000 103:06 3942448                   /home/yuran/.gradle/wrapper/dists/gradle-2.4-all/6r4uqcc6ovnq6ac6s0txzcpc0/gradle-2.4/lib/plugins/maven-settings-2.2.1.jar
7f0c27441000-7f0c27443000 r--s 00002000 103:06 3942447                   /home/yuran/.gradle/wrapper/dists/gradle-2.4-all/6r4uqcc6ovnq6ac6s0txzcpc0/gradle-2.4/lib/plugins/maven-error-diagnostics-2.2.1.jar
7f0c27443000-7f0c27447000 r--s 00023000 103:06 3942446                   /home/yuran/.gradle/wrapper/dists/gradle-2.4-all/6r4uqcc6ovnq6ac6s0txzcpc0/gradle-2.4/lib/plugins/maven-project-2.2.1.jar
7f0c27447000-7f0c27449000 r--s 00014000 103:06 3942445                   /home/yuran/.gradle/wrapper/dists/gradle-2.4-all/6r4uqcc6ovnq6ac6s0txzcpc0/gradle-2.4/lib/plugins/maven-model-2.2.1.jar
7f0c27449000-7f0c2744b000 r--s 00005000 103:06 3942444                   /home/yuran/.gradle/wrapper/dists/gradle-2.4-all/6r4uqcc6ovnq6ac6s0txzcpc0/gradle-2.4/lib/plugins/maven-repository-metadata-2.2.1.jar
7f0c2744b000-7f0c2744d000 r--s 0000f000 103:06 3942443                   /home/yuran/.gradle/wrapper/dists/gradle-2.4-all/6r4uqcc6ovnq6ac6s0txzcpc0/gradle-2.4/lib/plugins/maven-artifact-manager-2.2.1.jar
7f0c2744d000-7f0c27450000 r--s 00011000 103:06 3942442                   /home/yuran/.gradle/wrapper/dists/gradle-2.4-all/6r4uqcc6ovnq6ac6s0txzcpc0/gradle-2.4/lib/plugins/maven-artifact-2.2.1.jar
7f0c27450000-7f0c27452000 r--s 0000b000 103:06 3942441                   /home/yuran/.gradle/wrapper/dists/gradle-2.4-all/6r4uqcc6ovnq6ac6s0txzcpc0/gradle-2.4/lib/plugins/plexus-interpolation-1.11.jar
7f0c27452000-7f0c27456000 r--s 00034000 103:06 3942440                   /home/yuran/.gradle/wrapper/dists/gradle-2.4-all/6r4uqcc6ovnq6ac6s0txzcpc0/gradle-2.4/lib/plugins/plexus-utils-1.5.15.jar
7f0c27456000-7f0c2745b000 r--s 00023000 103:06 3942394                   /home/yuran/.gradle/wrapper/dists/gradle-2.4-all/6r4uqcc6ovnq6ac6s0txzcpc0/gradle-2.4/lib/plugins/gradle-maven-2.4.jar
7f0c2745b000-7f0c27473000 r--s 0013b000 103:06 3942437                   /home/yuran/.gradle/wrapper/dists/gradle-2.4-all/6r4uqcc6ovnq6ac6s0txzcpc0/gradle-2.4/lib/plugins/bndlib-2.1.0.jar
7f0c27473000-7f0c27475000 r--s 00004000 103:06 3942393                   /home/yuran/.gradle/wrapper/dists/gradle-2.4-all/6r4uqcc6ovnq6ac6s0txzcpc0/gradle-2.4/lib/plugins/gradle-osgi-2.4.jar
7f0c27475000-7f0c27477000 r--s 00007000 103:06 3942392                   /home/yuran/.gradle/wrapper/dists/gradle-2.4-all/6r4uqcc6ovnq6ac6s0txzcpc0/gradle-2.4/lib/plugins/gradle-antlr-2.4.jar
7f0c27477000-7f0c2747a000 r--s 0001e000 103:06 3942479                   /home/yuran/.gradle/wrapper/dists/gradle-2.4-all/6r4uqcc6ovnq6ac6s0txzcpc0/gradle-2.4/lib/plugins/jsp-api-2.1-6.1.14.jar
7f0c2747a000-7f0c2749d000 r--s 00344000 103:06 3942478                   /home/yuran/.gradle/wrapper/dists/gradle-2.4-all/6r4uqcc6ovnq6ac6s0txzcpc0/gradle-2.4/lib/plugins/core-3.1.1.jar
7f0c2749d000-7f0c2749e000 r--s 00006000 103:06 3942477                   /home/yuran/.gradle/wrapper/dists/gradle-2.4-all/6r4uqcc6ovnq6ac6s0txzcpc0/gradle-2.4/lib/plugins/jetty-naming-6.1.25.jar
7f0c2749e000-7f0c2749f000 r--s 00002000 103:06 3942436                   /home/yuran/.gradle/wrapper/dists/gradle-2.4-all/6r4uqcc6ovnq6ac6s0txzcpc0/gradle-2.4/lib/plugins/geronimo-annotation_1.0_spec-1.0.jar
7f0c2749f000-7f0c274a1000 r--s 00002000 103:06 3942435                   /home/yuran/.gradle/wrapper/dists/gradle-2.4-all/6r4uqcc6ovnq6ac6s0txzcpc0/gradle-2.4/lib/plugins/jetty-annotations-6.1.25.jar
7f0c274a1000-7f0c274b2000 r--s 000ea000 103:06 3942434                   /home/yuran/.gradle/wrapper/dists/gradle-2.4-all/6r4uqcc6ovnq6ac6s0txzcpc0/gradle-2.4/lib/plugins/jsp-2.1-6.1.14.jar
7f0c274b2000-7f0c274b4000 r--s 0000d000 103:06 3942433                   /home/yuran/.gradle/wrapper/dists/gradle-2.4-all/6r4uqcc6ovnq6ac6s0txzcpc0/gradle-2.4/lib/plugins/jetty-plus-6.1.25.jar
7f0c274b4000-7f0c274b6000 r--s 0001f000 103:06 3942432                   /home/yuran/.gradle/wrapper/dists/gradle-2.4-all/6r4uqcc6ovnq6ac6s0txzcpc0/gradle-2.4/lib/plugins/servlet-api-2.5-20081211.jar
7f0c274b6000-7f0c274ba000 r--s 00028000 103:06 3942431                   /home/yuran/.gradle/wrapper/dists/gradle-2.4-all/6r4uqcc6ovnq6ac6s0txzcpc0/gradle-2.4/lib/plugins/jetty-util-6.1.25.jar
7f0c274ba000-7f0c274c1000 r--s 0007d000 103:06 3942430                   /home/yuran/.gradle/wrapper/dists/gradle-2.4-all/6r4uqcc6ovnq6ac6s0txzcpc0/gradle-2.4/lib/plugins/jetty-6.1.25.jar
7f0c274c1000-7f0c274c3000 r--s 00009000 103:06 3942391                   /home/yuran/.gradle/wrapper/dists/gradle-2.4-all/6r4uqcc6ovnq6ac6s0txzcpc0/gradle-2.4/lib/plugins/gradle-jetty-2.4.jar
7f0c274c3000-7f0c274c9000 r--s 00041000 103:06 3942390                   /home/yuran/.gradle/wrapper/dists/gradle-2.4-all/6r4uqcc6ovnq6ac6s0txzcpc0/gradle-2.4/lib/plugins/gradle-code-quality-2.4.jar
7f0c274c9000-7f0c274cb000 r--s 00009000 103:06 3942485                   /home/yuran/.gradle/wrapper/dists/gradle-2.4-all/6r4uqcc6ovnq6ac6s0txzcpc0/gradle-2.4/lib/plugins/hamcrest-core-1.3.jar
7f0c274cb000-7f0c274d1000 r--s 00033000 103:06 3942476                   /home/yuran/.gradle/wrapper/dists/gradle-2.4-all/6r4uqcc6ovnq6ac6s0txzcpc0/gradle-2.4/lib/plugins/snakeyaml-1.6.jar
7f0c274d1000-7f0c274d3000 r--s 00006000 103:06 3942475                   /home/yuran/.gradle/wrapper/dists/gradle-2.4-all/6r4uqcc6ovnq6ac6s0txzcpc0/gradle-2.4/lib/plugins/jcommander-1.12.jar
7f0c274d3000-7f0c274d8000 r--s 00040000 103:06 3942474                   /home/yuran/.gradle/wrapper/dists/gradle-2.4-all/6r4uqcc6ovnq6ac6s0txzcpc0/gradle-2.4/lib/plugins/bsh-2.0b4.jar
7f0c274d8000-7f0c274da000 r--s 00009000 103:06 3942429                   /home/yuran/.gradle/wrapper/dists/gradle-2.4-all/6r4uqcc6ovnq6ac6s0txzcpc0/gradle-2.4/lib/plugins/commons-cli-1.2.jar
7f0c274da000-7f0c274e3000 r--s 00089000 103:06 3942428                   /home/yuran/.gradle/wrapper/dists/gradle-2.4-all/6r4uqcc6ovnq6ac6s0txzcpc0/gradle-2.4/lib/plugins/testng-6.3.1.jar
7f0c274e3000-7f0c274eb000 r--s 00045000 103:06 3942427                   /home/yuran/.gradle/wrapper/dists/gradle-2.4-all/6r4uqcc6ovnq6ac6s0txzcpc0/gradle-2.4/lib/plugins/junit-4.12.jar
7f0c274eb000-7f0c274f8000 r--s 0007a000 103:06 3942389                   /home/yuran/.gradle/wrapper/dists/gradle-2.4-all/6r4uqcc6ovnq6ac6s0txzcpc0/gradle-2.4/lib/plugins/gradle-plugins-2.4.jar
7f0c274f8000-7f0c27510000 r--s 00115000 103:06 3942483                   /home/yuran/.gradle/wrapper/dists/gradle-2.4-all/6r4uqcc6ovnq6ac6s0txzcpc0/gradle-2.4/lib/plugins/xercesImpl-2.9.1.jar
7f0c27510000-7f0c27518000 r--s 00028000 103:06 3942484                   /home/yuran/.gradle/wrapper/dists/gradle-2.4-all/6r4uqcc6ovnq6ac6s0txzcpc0/gradle-2.4/lib/plugins/xml-apis-1.3.04.jar
7f0c27518000-7f0c2751e000 r--s 0005b000 103:06 3942482                   /home/yuran/.gradle/wrapper/dists/gradle-2.4-all/6r4uqcc6ovnq6ac6s0txzcpc0/gradle-2.4/lib/plugins/jcifs-1.3.17.jar
7f0c2751e000-7f0c27524000 r--s 00031000 103:06 3942481                   /home/yuran/.gradle/wrapper/dists/gradle-2.4-all/6r4uqcc6ovnq6ac6s0txzcpc0/gradle-2.4/lib/plugins/httpcore-4.2.2.jar
7f0c27524000-7f0c2752a000 r--s 00033000 103:06 3942480                   /home/yuran/.gradle/wrapper/dists/gradle-2.4-all/6r4uqcc6ovnq6ac6s0txzcpc0/gradle-2.4/lib/plugins/commons-codec-1.6.jar
7f0c2752a000-7f0c2752d000 r--s 0001c000 103:06 3942462                   /home/yuran/.gradle/wrapper/dists/gradle-2.4-all/6r4uqcc6ovnq6ac6s0txzcpc0/gradle-2.4/lib/plugins/nekohtml-1.9.14.jar
7f0c2752d000-7f0c27536000 r--s 00060000 103:06 3942461                   /home/yuran/.gradle/wrapper/dists/gradle-2.4-all/6r4uqcc6ovnq6ac6s0txzcpc0/gradle-2.4/lib/plugins/httpclient-4.2.2.jar
7f0c27536000-7f0c27539000 r--s 00010000 103:06 3942421                   /home/yuran/.gradle/wrapper/dists/gradle-2.4-all/6r4uqcc6ovnq6ac6s0txzcpc0/gradle-2.4/lib/plugins/gradle-plugin-use-2.4.jar
7f0c27539000-7f0c2753d000 r--s 0003d000 103:06 3942463                   /home/yuran/.gradle/wrapper/dists/gradle-2.4-all/6r4uqcc6ovnq6ac6s0txzcpc0/gradle-2.4/lib/plugins/jsch-0.1.51.jar
7f0c2753d000-7f0c2757d000 r--s 00277000 103:06 3942473                   /home/yuran/.gradle/wrapper/dists/gradle-2.4-all/6r4uqcc6ovnq6ac6s0txzcpc0/gradle-2.4/lib/plugins/bcprov-jdk15on-1.51.jar
7f0c2757d000-7f0c27581000 r--s 0001d000 103:06 3942472                   /home/yuran/.gradle/wrapper/dists/gradle-2.4-all/6r4uqcc6ovnq6ac6s0txzcpc0/gradle-2.4/lib/plugins/xbean-reflect-3.4.jar
7f0c27581000-7f0c27586000 r--s 0002a000 103:06 3942458                   /home/yuran/.gradle/wrapper/dists/gradle-2.4-all/6r4uqcc6ovnq6ac6s0txzcpc0/gradle-2.4/lib/plugins/gson-2.2.4.jar
7f0c27586000-7f0c27595000 r--s 000d9000 103:06 3942471                   /home/yuran/.gradle/wrapper/dists/gradle-2.4-all/6r4uqcc6ovnq6ac6s0txzcpc0/gradle-2.4/lib/plugins/ivy-2.2.0.jar
7f0c27595000-7f0c27599000 r--s 0001e000 103:06 3942388                   /home/yuran/.gradle/wrapper/dists/gradle-2.4-all/6r4uqcc6ovnq6ac6s0txzcpc0/gradle-2.4/lib/plugins/jarjar-aether-impl-1.13.1.jar
7f0c27599000-7f0c2759c000 r--s 00027000 103:06 3942387                   /home/yuran/.gradle/wrapper/dists/gradle-2.4-all/6r4uqcc6ovnq6ac6s0txzcpc0/gradle-2.4/lib/plugins/jarjar-maven-model-3.0.4.jar
7f0c2759c000-7f0c2759f000 r--s 0000b000 103:06 3942386                   /home/yuran/.gradle/wrapper/dists/gradle-2.4-all/6r4uqcc6ovnq6ac6s0txzcpc0/gradle-2.4/lib/plugins/jarjar-maven-artifact-3.0.4.jar
7f0c2759f000-7f0c275ac000 r--s 00083000 103:06 3942383                   /home/yuran/.gradle/wrapper/dists/gradle-2.4-all/6r4uqcc6ovnq6ac6s0txzcpc0/gradle-2.4/lib/plugins/jarjar-maven-core-3.0.4.jar
7f0c275ac000-7f0c275b4000 r-xp 00000000 103:06 8157380                   /usr/lib/jvm/java-7-openjdk/jre/lib/amd64/libmanagement.so
7f0c275b4000-7f0c277b3000 ---p 00008000 103:06 8157380                   /usr/lib/jvm/java-7-openjdk/jre/lib/amd64/libmanagement.so
7f0c277b3000-7f0c277b4000 rw-p 00007000 103:06 8157380                   /usr/lib/jvm/java-7-openjdk/jre/lib/amd64/libmanagement.so
7f0c277b4000-7f0c277c9000 r-xp 00000000 00:27 596220                     /tmp/jna6577192036918434034.tmp
7f0c277c9000-7f0c278c8000 ---p 00015000 00:27 596220                     /tmp/jna6577192036918434034.tmp
7f0c278c8000-7f0c278ca000 rw-p 00014000 00:27 596220                     /tmp/jna6577192036918434034.tmp
7f0c278ca000-7f0c27931000 r-xp 00000000 103:06 7733301                   /usr/lib/libncursesw.so.6.0
7f0c27931000-7f0c27b30000 ---p 00067000 103:06 7733301                   /usr/lib/libncursesw.so.6.0
7f0c27b30000-7f0c27b34000 r--p 00066000 103:06 7733301                   /usr/lib/libncursesw.so.6.0
7f0c27b34000-7f0c27b36000 rw-p 0006a000 103:06 7733301                   /usr/lib/libncursesw.so.6.0
7f0c27b36000-7f0c27b38000 r--s 00007000 103:06 3942422                   /home/yuran/.gradle/wrapper/dists/gradle-2.4-all/6r4uqcc6ovnq6ac6s0txzcpc0/gradle-2.4/lib/plugins/gradle-resources-http-2.4.jar
7f0c27b38000-7f0c27b3c000 r--s 0001e000 103:06 3942385                   /home/yuran/.gradle/wrapper/dists/gradle-2.4-all/6r4uqcc6ovnq6ac6s0txzcpc0/gradle-2.4/lib/plugins/jarjar-aether-util-1.13.1.jar
7f0c27b3c000-7f0c27b3e000 r--s 00007000 103:06 3942384                   /home/yuran/.gradle/wrapper/dists/gradle-2.4-all/6r4uqcc6ovnq6ac6s0txzcpc0/gradle-2.4/lib/plugins/jarjar-wagon-http-shared4-2.4.jar
7f0c27b3e000-7f0c27b40000 r--s 00003000 103:06 3942382                   /home/yuran/.gradle/wrapper/dists/gradle-2.4-all/6r4uqcc6ovnq6ac6s0txzcpc0/gradle-2.4/lib/plugins/jarjar-aether-spi-1.13.1.jar
7f0c27b40000-7f0c27b42000 r--s 00009000 103:06 3942381                   /home/yuran/.gradle/wrapper/dists/gradle-2.4-all/6r4uqcc6ovnq6ac6s0txzcpc0/gradle-2.4/lib/plugins/jarjar-maven-settings-builder-3.0.4.jar
7f0c27b42000-7f0c27b46000 r--s 00014000 103:06 3942380                   /home/yuran/.gradle/wrapper/dists/gradle-2.4-all/6r4uqcc6ovnq6ac6s0txzcpc0/gradle-2.4/lib/plugins/jarjar-aether-api-1.13.1.jar
7f0c27b46000-7f0c27b47000 r--s 00002000 103:06 3942379                   /home/yuran/.gradle/wrapper/dists/gradle-2.4-all/6r4uqcc6ovnq6ac6s0txzcpc0/gradle-2.4/lib/plugins/jarjar-wagon-http-2.4.jar
7f0c27b47000-7f0c27b4e000 r--s 00042000 103:06 3942378                   /home/yuran/.gradle/wrapper/dists/gradle-2.4-all/6r4uqcc6ovnq6ac6s0txzcpc0/gradle-2.4/lib/plugins/jarjar-maven-compat-3.0.4.jar
7f0c27b4e000-7f0c27b50000 r--s 00006000 103:06 3942377                   /home/yuran/.gradle/wrapper/dists/gradle-2.4-all/6r4uqcc6ovnq6ac6s0txzcpc0/gradle-2.4/lib/plugins/jarjar-aether-connector-wagon-1.13.1.jar
7f0c27b50000-7f0c27b52000 r--s 00000000 103:06 3942376                   /home/yuran/.gradle/wrapper/dists/gradle-2.4-all/6r4uqcc6ovnq6ac6s0txzcpc0/gradle-2.4/lib/plugins/jarjar-plexus-component-annotations-1.5.5.jar
7f0c27b52000-7f0c27b54000 r--s 00006000 103:06 3942375                   /home/yuran/.gradle/wrapper/dists/gradle-2.4-all/6r4uqcc6ovnq6ac6s0txzcpc0/gradle-2.4/lib/plugins/jarjar-plexus-sec-dispatcher-1.3.jar
7f0c27b54000-7f0c27b59000 r--s 00022000 103:06 3942374                   /home/yuran/.gradle/wrapper/dists/gradle-2.4-all/6r4uqcc6ovnq6ac6s0txzcpc0/gradle-2.4/lib/plugins/jarjar-maven-model-builder-3.0.4.jar
7f0c27b59000-7f0c27b5b000 r--s 0000b000 103:06 3942373                   /home/yuran/.gradle/wrapper/dists/gradle-2.4-all/6r4uqcc6ovnq6ac6s0txzcpc0/gradle-2.4/lib/plugins/jarjar-maven-plugin-api-3.0.4.jar
7f0c27b5b000-7f0c27b5e000 r--s 0000a000 103:06 3942372                   /home/yuran/.gradle/wrapper/dists/gradle-2.4-all/6r4uqcc6ovnq6ac6s0txzcpc0/gradle-2.4/lib/plugins/jarjar-plexus-classworlds-2.4.jar
7f0c27b5e000-7f0c27b62000 r--s 00035000 103:06 3942371                   /home/yuran/.gradle/wrapper/dists/gradle-2.4-all/6r4uqcc6ovnq6ac6s0txzcpc0/gradle-2.4/lib/plugins/jarjar-plexus-utils-2.0.6.jar
7f0c27b62000-7f0c27b64000 r--s 0000e000 103:06 3942370                   /home/yuran/.gradle/wrapper/dists/gradle-2.4-all/6r4uqcc6ovnq6ac6s0txzcpc0/gradle-2.4/lib/plugins/jarjar-plexus-interpolation-1.14.jar
7f0c27b64000-7f0c27b6c000 r--s 00031000 103:06 3942366                   /home/yuran/.gradle/wrapper/dists/gradle-2.4-all/6r4uqcc6ovnq6ac6s0txzcpc0/gradle-2.4/lib/plugins/jarjar-plexus-container-default-1.5.5.jar
7f0c27b6c000-7f0c27b6f000 r-xp 00000000 103:06 3547675                   /home/yuran/.gradle/native/19/linux-amd64/libnative-platform-curses.so
7f0c27b6f000-7f0c27d6f000 ---p 00003000 103:06 3547675                   /home/yuran/.gradle/native/19/linux-amd64/libnative-platform-curses.so
7f0c27d6f000-7f0c27d70000 rw-p 00003000 103:06 3547675                   /home/yuran/.gradle/native/19/linux-amd64/libnative-platform-curses.so
7f0c27d70000-7f0c2c000000 rw-p 00000000 00:00 0 
7f0c2c000000-7f0c2c021000 rw-p 00000000 00:00 0 
7f0c2c021000-7f0c30000000 ---p 00000000 00:00 0 
7f0c30000000-7f0c30002000 r--s 00002000 103:06 3942369                   /home/yuran/.gradle/wrapper/dists/gradle-2.4-all/6r4uqcc6ovnq6ac6s0txzcpc0/gradle-2.4/lib/plugins/jarjar-plexus-cipher-1.7.jar
7f0c30002000-7f0c30004000 r--s 0000c000 103:06 3942368                   /home/yuran/.gradle/wrapper/dists/gradle-2.4-all/6r4uqcc6ovnq6ac6s0txzcpc0/gradle-2.4/lib/plugins/jarjar-wagon-provider-api-2.4.jar
7f0c30004000-7f0c30006000 r--s 0000d000 103:06 3942367                   /home/yuran/.gradle/wrapper/dists/gradle-2.4-all/6r4uqcc6ovnq6ac6s0txzcpc0/gradle-2.4/lib/plugins/jarjar-maven-aether-provider-3.0.4.jar
7f0c30006000-7f0c30007000 r--s 00007000 103:06 3942365                   /home/yuran/.gradle/wrapper/dists/gradle-2.4-all/6r4uqcc6ovnq6ac6s0txzcpc0/gradle-2.4/lib/plugins/jarjar-maven-repository-metadata-3.0.4.jar
7f0c30007000-7f0c30008000 r--s 0000b000 103:06 3942364                   /home/yuran/.gradle/wrapper/dists/gradle-2.4-all/6r4uqcc6ovnq6ac6s0txzcpc0/gradle-2.4/lib/plugins/jarjar-maven-settings-3.0.4.jar
7f0c30008000-7f0c30022000 r--s 000c0000 103:06 3942426                   /home/yuran/.gradle/wrapper/dists/gradle-2.4-all/6r4uqcc6ovnq6ac6s0txzcpc0/gradle-2.4/lib/plugins/gradle-dependency-management-2.4.jar
7f0c30022000-7f0c30026000 r-xp 00000000 103:06 3547669                   /home/yuran/.gradle/native/19/linux-amd64/libnative-platform.so
7f0c30026000-7f0c30225000 ---p 00004000 103:06 3547669                   /home/yuran/.gradle/native/19/linux-amd64/libnative-platform.so
7f0c30225000-7f0c30226000 rw-p 00003000 103:06 3547669                   /home/yuran/.gradle/native/19/linux-amd64/libnative-platform.so
7f0c30226000-7f0c30228000 r--s 00005000 103:06 3942317                   /home/yuran/.gradle/wrapper/dists/gradle-2.4-all/6r4uqcc6ovnq6ac6s0txzcpc0/gradle-2.4/lib/gradle-wrapper-2.4.jar
7f0c30228000-7f0c30232000 r--s 00032000 103:06 3942322                   /home/yuran/.gradle/wrapper/dists/gradle-2.4-all/6r4uqcc6ovnq6ac6s0txzcpc0/gradle-2.4/lib/gradle-tooling-api-2.4.jar
7f0c30232000-7f0c30234000 r--s 00002000 103:06 3942344                   /home/yuran/.gradle/wrapper/dists/gradle-2.4-all/6r4uqcc6ovnq6ac6s0txzcpc0/gradle-2.4/lib/gradle-open-api-2.4.jar
7f0c30234000-7f0c3023a000 r--s 00032000 103:06 3942346                   /home/yuran/.gradle/wrapper/dists/gradle-2.4-all/6r4uqcc6ovnq6ac6s0txzcpc0/gradle-2.4/lib/jaxen-1.1.jar
7f0c3023a000-7f0c3023f000 r--s 00048000 103:06 3942345                   /home/yuran/.gradle/wrapper/dists/gradle-2.4-all/6r4uqcc6ovnq6ac6s0txzcpc0/gradle-2.4/lib/dom4j-1.6.1.jar
7f0c3023f000-7f0c3024a000 r--s 00059000 103:06 3942321                   /home/yuran/.gradle/wrapper/dists/gradle-2.4-all/6r4uqcc6ovnq6ac6s0txzcpc0/gradle-2.4/lib/gradle-ui-2.4.jar
7f0c3024a000-7f0c3024c000 r--s 00008000 103:06 3942340                   /home/yuran/.gradle/wrapper/dists/gradle-2.4-all/6r4uqcc6ovnq6ac6s0txzcpc0/gradle-2.4/lib/gradle-resources-2.4.jar
7f0c3024c000-7f0c3024e000 r--s 00007000 103:06 3942362                   /home/yuran/.gradle/wrapper/dists/gradle-2.4-all/6r4uqcc6ovnq6ac6s0txzcpc0/gradle-2.4/lib/objenesis-1.2.jar
7f0c3024e000-7f0c30250000 r--s 00000000 103:06 3942361                   /home/yuran/.gradle/wrapper/dists/gradle-2.4-all/6r4uqcc6ovnq6ac6s0txzcpc0/gradle-2.4/lib/minlog-1.2.jar
7f0c30250000-7f0c30252000 r--s 0000f000 103:06 3942360                   /home/yuran/.gradle/wrapper/dists/gradle-2.4-all/6r4uqcc6ovnq6ac6s0txzcpc0/gradle-2.4/lib/reflectasm-1.07-shaded.jar
7f0c30252000-7f0c30256000 r--s 00026000 103:06 3942351                   /home/yuran/.gradle/wrapper/dists/gradle-2.4-all/6r4uqcc6ovnq6ac6s0txzcpc0/gradle-2.4/lib/kryo-2.20.jar
7f0c30256000-7f0c3025f000 r--s 0003c000 103:06 3942339                   /home/yuran/.gradle/wrapper/dists/gradle-2.4-all/6r4uqcc6ovnq6ac6s0txzcpc0/gradle-2.4/lib/gradle-messaging-2.4.jar
7f0c3025f000-7f0c30260000 r--s 00003000 103:06 3942359                   /home/yuran/.gradle/wrapper/dists/gradle-2.4-all/6r4uqcc6ovnq6ac6s0txzcpc0/gradle-2.4/lib/native-platform-freebsd-amd64-0.10.jar
7f0c30260000-7f0c30261000 r--s 00003000 103:06 3942358                   /home/yuran/.gradle/wrapper/dists/gradle-2.4-all/6r4uqcc6ovnq6ac6s0txzcpc0/gradle-2.4/lib/native-platform-freebsd-i386-0.10.jar
7f0c30261000-7f0c30262000 r--s 00005000 103:06 3942357                   /home/yuran/.gradle/wrapper/dists/gradle-2.4-all/6r4uqcc6ovnq6ac6s0txzcpc0/gradle-2.4/lib/native-platform-windows-i386-0.10.jar
7f0c30262000-7f0c30263000 r--s 00005000 103:06 3942356                   /home/yuran/.gradle/wrapper/dists/gradle-2.4-all/6r4uqcc6ovnq6ac6s0txzcpc0/gradle-2.4/lib/native-platform-windows-amd64-0.10.jar
7f0c30263000-7f0c30264000 r--s 00003000 103:06 3942355                   /home/yuran/.gradle/wrapper/dists/gradle-2.4-all/6r4uqcc6ovnq6ac6s0txzcpc0/gradle-2.4/lib/native-platform-linux-i386-0.10.jar
7f0c30264000-7f0c30265000 r--s 00003000 103:06 3942354                   /home/yuran/.gradle/wrapper/dists/gradle-2.4-all/6r4uqcc6ovnq6ac6s0txzcpc0/gradle-2.4/lib/native-platform-linux-amd64-0.10.jar
7f0c30265000-7f0c30266000 r--s 00002000 103:06 3942353                   /home/yuran/.gradle/wrapper/dists/gradle-2.4-all/6r4uqcc6ovnq6ac6s0txzcpc0/gradle-2.4/lib/native-platform-osx-amd64-0.10.jar
7f0c30266000-7f0c30267000 r--s 00002000 103:06 3942352                   /home/yuran/.gradle/wrapper/dists/gradle-2.4-all/6r4uqcc6ovnq6ac6s0txzcpc0/gradle-2.4/lib/native-platform-osx-i386-0.10.jar
7f0c30267000-7f0c30269000 r--s 00008000 103:06 3942349                   /home/yuran/.gradle/wrapper/dists/gradle-2.4-all/6r4uqcc6ovnq6ac6s0txzcpc0/gradle-2.4/lib/jansi-1.2.1.jar
7f0c30269000-7f0c3026c000 r--s 0000d000 103:06 3942348                   /home/yuran/.gradle/wrapper/dists/gradle-2.4-all/6r4uqcc6ovnq6ac6s0txzcpc0/gradle-2.4/lib/native-platform-0.10.jar
7f0c3026c000-7f0c30270000 r--s 000e4000 103:06 3942347                   /home/yuran/.gradle/wrapper/dists/gradle-2.4-all/6r4uqcc6ovnq6ac6s0txzcpc0/gradle-2.4/lib/jna-3.2.7.jar
7f0c30270000-7f0c30272000 r--s 00008000 103:06 3942323                   /home/yuran/.gradle/wrapper/dists/gradle-2.4-all/6r4uqcc6ovnq6ac6s0txzcpc0/gradle-2.4/lib/gradle-native-2.4.jar
7f0c30272000-7f0c30274000 r--s 00005000 103:06 3942320                   /home/yuran/.gradle/wrapper/dists/gradle-2.4-all/6r4uqcc6ovnq6ac6s0txzcpc0/gradle-2.4/lib/gradle-cli-2.4.jar
7f0c30274000-7f0c30276000 r--s 00005000 103:06 3942329                   /home/yuran/.gradle/wrapper/dists/gradle-2.4-all/6r4uqcc6ovnq6ac6s0txzcpc0/gradle-2.4/lib/gradle-model-groovy-2.4.jar
7f0c30276000-7f0c30277000 r--s 00004000 103:06 3942338                   /home/yuran/.gradle/wrapper/dists/gradle-2.4-all/6r4uqcc6ovnq6ac6s0txzcpc0/gradle-2.4/lib/gradle-base-services-groovy-2.4.jar
7f0c30277000-7f0c3027f000 r--s 00040000 103:06 3942328                   /home/yuran/.gradle/wrapper/dists/gradle-2.4-all/6r4uqcc6ovnq6ac6s0txzcpc0/gradle-2.4/lib/gradle-model-core-2.4.jar
7f0c3027f000-7f0c30280000 r--s 00000000 103:06 3942341                   /home/yuran/.gradle/wrapper/dists/gradle-2.4-all/6r4uqcc6ovnq6ac6s0txzcpc0/gradle-2.4/lib/gradle-docs-2.4.jar
7f0c30280000-7f0c30282000 r--s 00003000 103:06 3942343                   /home/yuran/.gradle/wrapper/dists/gradle-2.4-all/6r4uqcc6ovnq6ac6s0txzcpc0/gradle-2.4/lib/jcl-over-slf4j-1.7.10.jar
7f0c30282000-7f0c30283000 r--s 00005000 103:06 3942342                   /home/yuran/.gradle/wrapper/dists/gradle-2.4-all/6r4uqcc6ovnq6ac6s0txzcpc0/gradle-2.4/lib/log4j-over-slf4j-1.7.10.jar
7f0c30283000-7f0c30286000 r--s 0001b000 103:06 3942336                   /home/yuran/.gradle/wrapper/dists/gradle-2.4-all/6r4uqcc6ovnq6ac6s0txzcpc0/gradle-2.4/lib/jarjar-1.3.jar
7f0c30286000-7f0c30294000 r--s 0007f000 103:06 3942332                   /home/yuran/.gradle/wrapper/dists/gradle-2.4-all/6r4uqcc6ovnq6ac6s0txzcpc0/gradle-2.4/lib/commons-collections-3.2.1.jar
7f0c30294000-7f0c30300000 r--s 00689000 103:06 3942327                   /home/yuran/.gradle/wrapper/dists/gradle-2.4-all/6r4uqcc6ovnq6ac6s0txzcpc0/gradle-2.4/lib/groovy-all-2.3.10.jar
7f0c30300000-7f0c30328000 r--s 001cf000 103:06 3942325                   /home/yuran/.gradle/wrapper/dists/gradle-2.4-all/6r4uqcc6ovnq6ac6s0txzcpc0/gradle-2.4/lib/guava-jdk5-17.0.jar
7f0c30328000-7f0c30346000 r--s 001cf000 103:06 3942331                   /home/yuran/.gradle/wrapper/dists/gradle-2.4-all/6r4uqcc6ovnq6ac6s0txzcpc0/gradle-2.4/lib/ant-1.9.4.jar
7f0c30346000-7f0c30356000 r-xp 00000000 103:06 8157379                   /usr/lib/jvm/java-7-openjdk/jre/lib/amd64/libnio.so
7f0c30356000-7f0c30556000 ---p 00010000 103:06 8157379                   /usr/lib/jvm/java-7-openjdk/jre/lib/amd64/libnio.so
7f0c30556000-7f0c30557000 rw-p 00010000 103:06 8157379                   /usr/lib/jvm/java-7-openjdk/jre/lib/amd64/libnio.so
7f0c30557000-7f0c30588000 rw-p 00000000 00:00 0 
7f0c30588000-7f0c3058c000 r-xp 00000000 103:06 7750729                   /usr/lib/libuuid.so.1.3.0
7f0c3058c000-7f0c3078b000 ---p 00004000 103:06 7750729                   /usr/lib/libuuid.so.1.3.0
7f0c3078b000-7f0c3078c000 r--p 00003000 103:06 7750729                   /usr/lib/libuuid.so.1.3.0
7f0c3078c000-7f0c3078d000 rw-p 00004000 103:06 7750729                   /usr/lib/libuuid.so.1.3.0
7f0c3078d000-7f0c307ce000 r-xp 00000000 103:06 7752619                   /usr/lib/libblkid.so.1.1.0
7f0c307ce000-7f0c309cd000 ---p 00041000 103:06 7752619                   /usr/lib/libblkid.so.1.1.0
7f0c309cd000-7f0c309d1000 r--p 00040000 103:06 7752619                   /usr/lib/libblkid.so.1.1.0
7f0c309d1000-7f0c309d2000 rw-p 00044000 103:06 7752619                   /usr/lib/libblkid.so.1.1.0
7f0c309d2000-7f0c309d3000 rw-p 00000000 00:00 0 
7f0c309d3000-7f0c30a45000 r-xp 00000000 103:06 7737820                   /usr/lib/libpcre.so.1.2.8
7f0c30a45000-7f0c30c44000 ---p 00072000 103:06 7737820                   /usr/lib/libpcre.so.1.2.8
7f0c30c44000-7f0c30c45000 r--p 00071000 103:06 7737820                   /usr/lib/libpcre.so.1.2.8
7f0c30c45000-7f0c30c46000 rw-p 00072000 103:06 7737820                   /usr/lib/libpcre.so.1.2.8
7f0c30c46000-7f0c30c4d000 r-xp 00000000 103:06 7752432                   /usr/lib/libffi.so.6.0.4
7f0c30c4d000-7f0c30e4d000 ---p 00007000 103:06 7752432                   /usr/lib/libffi.so.6.0.4
7f0c30e4d000-7f0c30e4e000 r--p 00007000 103:06 7752432                   /usr/lib/libffi.so.6.0.4
7f0c30e4e000-7f0c30e4f000 rw-p 00008000 103:06 7752432                   /usr/lib/libffi.so.6.0.4
7f0c30e4f000-7f0c30e99000 r-xp 00000000 103:06 7767709                   /usr/lib/libmount.so.1.1.0
7f0c30e99000-7f0c31099000 ---p 0004a000 103:06 7767709                   /usr/lib/libmount.so.1.1.0
7f0c31099000-7f0c3109a000 r--p 0004a000 103:06 7767709                   /usr/lib/libmount.so.1.1.0
7f0c3109a000-7f0c3109b000 rw-p 0004b000 103:06 7767709                   /usr/lib/libmount.so.1.1.0
7f0c3109b000-7f0c3109d000 rw-p 00000000 00:00 0 
7f0c3109d000-7f0c310b1000 r-xp 00000000 103:06 7753498                   /usr/lib/libresolv-2.24.so
7f0c310b1000-7f0c312b0000 ---p 00014000 103:06 7753498                   /usr/lib/libresolv-2.24.so
7f0c312b0000-7f0c312b1000 r--p 00013000 103:06 7753498                   /usr/lib/libresolv-2.24.so
7f0c312b1000-7f0c312b2000 rw-p 00014000 103:06 7753498                   /usr/lib/libresolv-2.24.so
7f0c312b2000-7f0c312b4000 rw-p 00000000 00:00 0 
7f0c312b4000-7f0c312b7000 r-xp 00000000 103:06 7748254                   /usr/lib/libgmodule-2.0.so.0.5000.2
7f0c312b7000-7f0c314b6000 ---p 00003000 103:06 7748254                   /usr/lib/libgmodule-2.0.so.0.5000.2
7f0c314b6000-7f0c314b7000 r--p 00002000 103:06 7748254                   /usr/lib/libgmodule-2.0.so.0.5000.2
7f0c314b7000-7f0c314b8000 rw-p 00003000 103:06 7748254                   /usr/lib/libgmodule-2.0.so.0.5000.2
7f0c314b8000-7f0c315c9000 r-xp 00000000 103:06 7748122                   /usr/lib/libglib-2.0.so.0.5000.2
7f0c315c9000-7f0c317c8000 ---p 00111000 103:06 7748122                   /usr/lib/libglib-2.0.so.0.5000.2
7f0c317c8000-7f0c317c9000 r--p 00110000 103:06 7748122                   /usr/lib/libglib-2.0.so.0.5000.2
7f0c317c9000-7f0c317ca000 rw-p 00111000 103:06 7748122                   /usr/lib/libglib-2.0.so.0.5000.2
7f0c317ca000-7f0c317cb000 rw-p 00000000 00:00 0 
7f0c317cb000-7f0c3181c000 r-xp 00000000 103:06 7748256                   /usr/lib/libgobject-2.0.so.0.5000.2
7f0c3181c000-7f0c31a1b000 ---p 00051000 103:06 7748256                   /usr/lib/libgobject-2.0.so.0.5000.2
7f0c31a1b000-7f0c31a1c000 r--p 00050000 103:06 7748256                   /usr/lib/libgobject-2.0.so.0.5000.2
7f0c31a1c000-7f0c31a1d000 rw-p 00051000 103:06 7748256                   /usr/lib/libgobject-2.0.so.0.5000.2
7f0c31a1d000-7f0c31ba8000 r-xp 00000000 103:06 7751196                   /usr/lib/libgio-2.0.so.0.5000.2
7f0c31ba8000-7f0c31da8000 ---p 0018b000 103:06 7751196                   /usr/lib/libgio-2.0.so.0.5000.2
7f0c31da8000-7f0c31dad000 r--p 0018b000 103:06 7751196                   /usr/lib/libgio-2.0.so.0.5000.2
7f0c31dad000-7f0c31daf000 rw-p 00190000 103:06 7751196                   /usr/lib/libgio-2.0.so.0.5000.2
7f0c31daf000-7f0c31db1000 rw-p 00000000 00:00 0 
7f0c31db1000-7f0c31db3000 r--s 00000000 103:06 3942335                   /home/yuran/.gradle/wrapper/dists/gradle-2.4-all/6r4uqcc6ovnq6ac6s0txzcpc0/gradle-2.4/lib/jul-to-slf4j-1.7.10.jar
7f0c31db3000-7f0c31de7000 r--s 001a4000 103:06 3942319                   /home/yuran/.gradle/wrapper/dists/gradle-2.4-all/6r4uqcc6ovnq6ac6s0txzcpc0/gradle-2.4/lib/gradle-core-2.4.jar
7f0c31de7000-7f0c31dfe000 r-xp 00000000 103:06 8157378                   /usr/lib/jvm/java-7-openjdk/jre/lib/amd64/libnet.so
7f0c31dfe000-7f0c31ffe000 ---p 00017000 103:06 8157378                   /usr/lib/jvm/java-7-openjdk/jre/lib/amd64/libnet.so
7f0c31ffe000-7f0c31fff000 rw-p 00017000 103:06 8157378                   /usr/lib/jvm/java-7-openjdk/jre/lib/amd64/libnet.so
7f0c31fff000-7f0c32000000 ---p 00000000 00:00 0 
7f0c32000000-7f0c32100000 rw-p 00000000 00:00 0 
7f0c32100000-7f0c32103000 ---p 00000000 00:00 0 
7f0c32103000-7f0c32201000 rw-p 00000000 00:00 0 
7f0c32201000-7f0c32204000 ---p 00000000 00:00 0 
7f0c32204000-7f0c32302000 rw-p 00000000 00:00 0 
7f0c32302000-7f0c32305000 ---p 00000000 00:00 0 
7f0c32305000-7f0c32403000 rw-p 00000000 00:00 0 
7f0c32403000-7f0c32406000 ---p 00000000 00:00 0 
7f0c32406000-7f0c32504000 rw-p 00000000 00:00 0 
7f0c32504000-7f0c3269c000 r--p 00000000 103:06 38027                     /usr/lib/locale/locale-archive
7f0c3269c000-7f0c3269f000 ---p 00000000 00:00 0 
7f0c3269f000-7f0c3279d000 rw-p 00000000 00:00 0 
7f0c3279d000-7f0c327a0000 ---p 00000000 00:00 0 
7f0c327a0000-7f0c3289e000 rw-p 00000000 00:00 0 
7f0c3289e000-7f0c3289f000 ---p 00000000 00:00 0 
7f0c3289f000-7f0c33953000 rw-p 00000000 00:00 0 
7f0c33953000-7f0c33b06000 r--s 01d3d000 103:06 8157285                   /usr/lib/jvm/java-7-openjdk/jre/lib/rt.jar
7f0c33b06000-7f0c34000000 rw-p 00000000 00:00 0 
7f0c34000000-7f0c34021000 rw-p 00000000 00:00 0 
7f0c34021000-7f0c38000000 ---p 00000000 00:00 0 
7f0c38000000-7f0c38021000 rw-p 00000000 00:00 0 
7f0c38021000-7f0c3c000000 ---p 00000000 00:00 0 
7f0c3c000000-7f0c3c021000 rw-p 00000000 00:00 0 
7f0c3c021000-7f0c40000000 ---p 00000000 00:00 0 
7f0c40000000-7f0c40001000 r--s 00000000 103:06 3942337                   /home/yuran/.gradle/wrapper/dists/gradle-2.4-all/6r4uqcc6ovnq6ac6s0txzcpc0/gradle-2.4/lib/javax.inject-1.jar
7f0c40001000-7f0c40004000 r--s 00018000 103:06 3942333                   /home/yuran/.gradle/wrapper/dists/gradle-2.4-all/6r4uqcc6ovnq6ac6s0txzcpc0/gradle-2.4/lib/commons-io-1.4.jar
7f0c40004000-7f0c40009000 r--s 00036000 103:06 3942330                   /home/yuran/.gradle/wrapper/dists/gradle-2.4-all/6r4uqcc6ovnq6ac6s0txzcpc0/gradle-2.4/lib/asm-all-5.0.3.jar
7f0c40009000-7f0c4000e000 r--s 00041000 103:06 3942326                   /home/yuran/.gradle/wrapper/dists/gradle-2.4-all/6r4uqcc6ovnq6ac6s0txzcpc0/gradle-2.4/lib/commons-lang-2.6.jar
7f0c4000e000-7f0c40015000 r--s 00030000 103:06 3942318                   /home/yuran/.gradle/wrapper/dists/gradle-2.4-all/6r4uqcc6ovnq6ac6s0txzcpc0/gradle-2.4/lib/gradle-base-services-2.4.jar
7f0c40015000-7f0c4001e000 r--s 00040000 103:06 3942316                   /home/yuran/.gradle/wrapper/dists/gradle-2.4-all/6r4uqcc6ovnq6ac6s0txzcpc0/gradle-2.4/lib/gradle-launcher-2.4.jar
7f0c4001e000-7f0c4001f000 ---p 00000000 00:00 0 
7f0c4001f000-7f0c4011f000 rw-p 00000000 00:00 0 
7f0c4011f000-7f0c40120000 ---p 00000000 00:00 0 
7f0c40120000-7f0c40220000 rw-p 00000000 00:00 0 
7f0c40220000-7f0c40221000 ---p 00000000 00:00 0 
7f0c40221000-7f0c4034a000 rw-p 00000000 00:00 0 
7f0c4034a000-7f0c405b0000 rw-p 00000000 00:00 0 
7f0c405b0000-7f0c405c5000 rw-p 00000000 00:00 0 
7f0c405c5000-7f0c40603000 rw-p 00000000 00:00 0 
7f0c40603000-7f0c4062c000 rw-p 00000000 00:00 0 
7f0c4062c000-7f0c40891000 rw-p 00000000 00:00 0 
7f0c40891000-7f0c40926000 rw-p 00000000 00:00 0 
7f0c40926000-7f0c409d9000 rw-p 00000000 00:00 0 
7f0c409d9000-7f0c409da000 rw-p 00000000 00:00 0 
7f0c409da000-7f0c40e0a000 rwxp 00000000 00:00 0 
7f0c40e0a000-7f0c439da000 rw-p 00000000 00:00 0 
7f0c439da000-7f0c439e2000 r-xp 00000000 103:06 8157377                   /usr/lib/jvm/java-7-openjdk/jre/lib/amd64/libzip.so
7f0c439e2000-7f0c43be1000 ---p 00008000 103:06 8157377                   /usr/lib/jvm/java-7-openjdk/jre/lib/amd64/libzip.so
7f0c43be1000-7f0c43be2000 rw-p 00007000 103:06 8157377                   /usr/lib/jvm/java-7-openjdk/jre/lib/amd64/libzip.so
7f0c43be2000-7f0c43bec000 r-xp 00000000 103:06 7748000                   /usr/lib/libnss_files-2.24.so
7f0c43bec000-7f0c43dec000 ---p 0000a000 103:06 7748000                   /usr/lib/libnss_files-2.24.so
7f0c43dec000-7f0c43ded000 r--p 0000a000 103:06 7748000                   /usr/lib/libnss_files-2.24.so
7f0c43ded000-7f0c43dee000 rw-p 0000b000 103:06 7748000                   /usr/lib/libnss_files-2.24.so
7f0c43dee000-7f0c43df4000 rw-p 00000000 00:00 0 
7f0c43df4000-7f0c43dff000 r-xp 00000000 103:06 7748406                   /usr/lib/libnss_nis-2.24.so
7f0c43dff000-7f0c43ffe000 ---p 0000b000 103:06 7748406                   /usr/lib/libnss_nis-2.24.so
7f0c43ffe000-7f0c43fff000 r--p 0000a000 103:06 7748406                   /usr/lib/libnss_nis-2.24.so
7f0c43fff000-7f0c44000000 rw-p 0000b000 103:06 7748406                   /usr/lib/libnss_nis-2.24.so
7f0c44000000-7f0c45a0d000 rw-p 00000000 00:00 0 
7f0c45a0d000-7f0c48000000 ---p 00000000 00:00 0 
7f0c48000000-7f0c48001000 r--s 00000000 103:06 3942334                   /home/yuran/.gradle/wrapper/dists/gradle-2.4-all/6r4uqcc6ovnq6ac6s0txzcpc0/gradle-2.4/lib/jcip-annotations-1.0.jar
7f0c48001000-7f0c48002000 r--s 00007000 103:06 3942324                   /home/yuran/.gradle/wrapper/dists/gradle-2.4-all/6r4uqcc6ovnq6ac6s0txzcpc0/gradle-2.4/lib/slf4j-api-1.7.10.jar
7f0c48002000-7f0c48003000 r--s 00004000 103:06 3942350                   /home/yuran/.gradle/wrapper/dists/gradle-2.4-all/6r4uqcc6ovnq6ac6s0txzcpc0/gradle-2.4/lib/ant-launcher-1.9.4.jar
7f0c48003000-7f0c48074000 rw-p 00000000 00:00 0 
7f0c48074000-7f0c48075000 ---p 00000000 00:00 0 
7f0c48075000-7f0c4818a000 rw-p 00000000 00:00 0 
7f0c4818a000-7f0c481c8000 rw-p 00000000 00:00 0 
7f0c481c8000-7f0c481dc000 r-xp 00000000 103:06 7753497                   /usr/lib/libnsl-2.24.so
7f0c481dc000-7f0c483dc000 ---p 00014000 103:06 7753497                   /usr/lib/libnsl-2.24.so
7f0c483dc000-7f0c483dd000 r--p 00014000 103:06 7753497                   /usr/lib/libnsl-2.24.so
7f0c483dd000-7f0c483de000 rw-p 00015000 103:06 7753497                   /usr/lib/libnsl-2.24.so
7f0c483de000-7f0c483e0000 rw-p 00000000 00:00 0 
7f0c483e0000-7f0c483e7000 r-xp 00000000 103:06 7747765                   /usr/lib/libnss_compat-2.24.so
7f0c483e7000-7f0c485e6000 ---p 00007000 103:06 7747765                   /usr/lib/libnss_compat-2.24.so
7f0c485e6000-7f0c485e7000 r--p 00006000 103:06 7747765                   /usr/lib/libnss_compat-2.24.so
7f0c485e7000-7f0c485e8000 rw-p 00007000 103:06 7747765                   /usr/lib/libnss_compat-2.24.so
7f0c485e8000-7f0c48613000 r-xp 00000000 103:06 8157376                   /usr/lib/jvm/java-7-openjdk/jre/lib/amd64/libjava.so
7f0c48613000-7f0c48813000 ---p 0002b000 103:06 8157376                   /usr/lib/jvm/java-7-openjdk/jre/lib/amd64/libjava.so
7f0c48813000-7f0c48815000 rw-p 0002b000 103:06 8157376                   /usr/lib/jvm/java-7-openjdk/jre/lib/amd64/libjava.so
7f0c48815000-7f0c48822000 r-xp 00000000 103:06 8157375                   /usr/lib/jvm/java-7-openjdk/jre/lib/amd64/libverify.so
7f0c48822000-7f0c48a21000 ---p 0000d000 103:06 8157375                   /usr/lib/jvm/java-7-openjdk/jre/lib/amd64/libverify.so
7f0c48a21000-7f0c48a23000 rw-p 0000c000 103:06 8157375                   /usr/lib/jvm/java-7-openjdk/jre/lib/amd64/libverify.so
7f0c48a23000-7f0c48a2a000 r-xp 00000000 103:06 7753499                   /usr/lib/librt-2.24.so
7f0c48a2a000-7f0c48c29000 ---p 00007000 103:06 7753499                   /usr/lib/librt-2.24.so
7f0c48c29000-7f0c48c2a000 r--p 00006000 103:06 7753499                   /usr/lib/librt-2.24.so
7f0c48c2a000-7f0c48c2b000 rw-p 00007000 103:06 7753499                   /usr/lib/librt-2.24.so
7f0c48c2b000-7f0c48c41000 r-xp 00000000 103:06 7767691                   /usr/lib/libgcc_s.so.1
7f0c48c41000-7f0c48e40000 ---p 00016000 103:06 7767691                   /usr/lib/libgcc_s.so.1
7f0c48e40000-7f0c48e41000 r--p 00015000 103:06 7767691                   /usr/lib/libgcc_s.so.1
7f0c48e41000-7f0c48e42000 rw-p 00016000 103:06 7767691                   /usr/lib/libgcc_s.so.1
7f0c48e42000-7f0c48f45000 r-xp 00000000 103:06 7753496                   /usr/lib/libm-2.24.so
7f0c48f45000-7f0c49144000 ---p 00103000 103:06 7753496                   /usr/lib/libm-2.24.so
7f0c49144000-7f0c49145000 r--p 00102000 103:06 7753496                   /usr/lib/libm-2.24.so
7f0c49145000-7f0c49146000 rw-p 00103000 103:06 7753496                   /usr/lib/libm-2.24.so
7f0c49146000-7f0c492be000 r-xp 00000000 103:06 7748752                   /usr/lib/libstdc++.so.6.0.22
7f0c492be000-7f0c494be000 ---p 00178000 103:06 7748752                   /usr/lib/libstdc++.so.6.0.22
7f0c494be000-7f0c494c8000 r--p 00178000 103:06 7748752                   /usr/lib/libstdc++.so.6.0.22
7f0c494c8000-7f0c494ca000 rw-p 00182000 103:06 7748752                   /usr/lib/libstdc++.so.6.0.22
7f0c494ca000-7f0c494ce000 rw-p 00000000 00:00 0 
7f0c494ce000-7f0c4a031000 r-xp 00000000 103:06 2360172                   /usr/lib/jvm/java-7-openjdk/jre/lib/amd64/server/libjvm.so
7f0c4a031000-7f0c4a231000 ---p 00b63000 103:06 2360172                   /usr/lib/jvm/java-7-openjdk/jre/lib/amd64/server/libjvm.so
7f0c4a231000-7f0c4a2e5000 rw-p 00b63000 103:06 2360172                   /usr/lib/jvm/java-7-openjdk/jre/lib/amd64/server/libjvm.so
7f0c4a2e5000-7f0c4a312000 rw-p 00000000 00:00 0 
7f0c4a312000-7f0c4a328000 r-xp 00000000 103:06 7745780                   /usr/lib/libz.so.1.2.11
7f0c4a328000-7f0c4a527000 ---p 00016000 103:06 7745780                   /usr/lib/libz.so.1.2.11
7f0c4a527000-7f0c4a528000 r--p 00015000 103:06 7745780                   /usr/lib/libz.so.1.2.11
7f0c4a528000-7f0c4a529000 rw-p 00016000 103:06 7745780                   /usr/lib/libz.so.1.2.11
7f0c4a529000-7f0c4a6be000 r-xp 00000000 103:06 7746627                   /usr/lib/libc-2.24.so
7f0c4a6be000-7f0c4a8bd000 ---p 00195000 103:06 7746627                   /usr/lib/libc-2.24.so
7f0c4a8bd000-7f0c4a8c1000 r--p 00194000 103:06 7746627                   /usr/lib/libc-2.24.so
7f0c4a8c1000-7f0c4a8c3000 rw-p 00198000 103:06 7746627                   /usr/lib/libc-2.24.so
7f0c4a8c3000-7f0c4a8c7000 rw-p 00000000 00:00 0 
7f0c4a8c7000-7f0c4a8c9000 r-xp 00000000 103:06 7753495                   /usr/lib/libdl-2.24.so
7f0c4a8c9000-7f0c4aac9000 ---p 00002000 103:06 7753495                   /usr/lib/libdl-2.24.so
7f0c4aac9000-7f0c4aaca000 r--p 00002000 103:06 7753495                   /usr/lib/libdl-2.24.so
7f0c4aaca000-7f0c4aacb000 rw-p 00003000 103:06 7753495                   /usr/lib/libdl-2.24.so
7f0c4aacb000-7f0c4aad8000 r-xp 00000000 103:06 2360164                   /usr/lib/jvm/java-7-openjdk/jre/lib/amd64/jli/libjli.so
7f0c4aad8000-7f0c4acd7000 ---p 0000d000 103:06 2360164                   /usr/lib/jvm/java-7-openjdk/jre/lib/amd64/jli/libjli.so
7f0c4acd7000-7f0c4acd8000 rw-p 0000c000 103:06 2360164                   /usr/lib/jvm/java-7-openjdk/jre/lib/amd64/jli/libjli.so
7f0c4acd8000-7f0c4acf0000 r-xp 00000000 103:06 7745888                   /usr/lib/libpthread-2.24.so
7f0c4acf0000-7f0c4aeef000 ---p 00018000 103:06 7745888                   /usr/lib/libpthread-2.24.so
7f0c4aeef000-7f0c4aef0000 r--p 00017000 103:06 7745888                   /usr/lib/libpthread-2.24.so
7f0c4aef0000-7f0c4aef1000 rw-p 00018000 103:06 7745888                   /usr/lib/libpthread-2.24.so
7f0c4aef1000-7f0c4aef5000 rw-p 00000000 00:00 0 
7f0c4aef5000-7f0c4af18000 r-xp 00000000 103:06 7746626                   /usr/lib/ld-2.24.so
7f0c4af18000-7f0c4af1c000 r--s 0004f000 103:06 8157287                   /usr/lib/jvm/java-7-openjdk/jre/lib/jsse.jar
7f0c4af1c000-7f0c4af2d000 rw-p 00000000 00:00 0 
7f0c4af2d000-7f0c4afdc000 rw-p 00000000 00:00 0 
7f0c4afdc000-7f0c4afdf000 ---p 00000000 00:00 0 
7f0c4afdf000-7f0c4b0df000 rw-p 00000000 00:00 0 
7f0c4b0df000-7f0c4b0e1000 r--s 0000b000 103:06 3942282                   /home/yuran/work/awesomenative/android/gradle/wrapper/gradle-wrapper.jar
7f0c4b0e1000-7f0c4b10b000 rw-p 00000000 00:00 0 
7f0c4b10b000-7f0c4b113000 rw-s 00000000 00:27 594611                     /tmp/hsperfdata_yuran/18691
7f0c4b113000-7f0c4b114000 rw-p 00000000 00:00 0 
7f0c4b114000-7f0c4b115000 ---p 00000000 00:00 0 
7f0c4b115000-7f0c4b117000 rw-p 00000000 00:00 0 
7f0c4b117000-7f0c4b118000 r--p 00022000 103:06 7746626                   /usr/lib/ld-2.24.so
7f0c4b118000-7f0c4b119000 rw-p 00023000 103:06 7746626                   /usr/lib/ld-2.24.so
7f0c4b119000-7f0c4b11a000 rw-p 00000000 00:00 0 
7fffd1bc2000-7fffd1be3000 rw-p 00000000 00:00 0                          [stack]
7fffd1be3000-7fffd1be5000 r--p 00000000 00:00 0                          [vvar]
7fffd1be5000-7fffd1be7000 r-xp 00000000 00:00 0                          [vdso]
ffffffffff600000-ffffffffff601000 r-xp 00000000 00:00 0                  [vsyscall]

VM Arguments:
jvm_args: -Dorg.gradle.appname=gradlew 
java_command: org.gradle.wrapper.GradleWrapperMain installDebug
Launcher Type: SUN_STANDARD

Environment Variables:
PATH=/usr/local/sbin:/usr/local/bin:/usr/bin:/usr/lib/jvm/default/bin:/usr/bin/site_perl:/usr/bin/vendor_perl:/usr/bin/core_perl:/home/yuran/local/android/tools:/home/yuran/local/android/platform-tools
SHELL=/bin/bash
DISPLAY=:0

Signal Handlers:
SIGSEGV: [libjvm.so+0x9a8500], sa_mask[0]=0x7ffbfeff, sa_flags=0x10000004
SIGBUS: [libjvm.so+0x9a8500], sa_mask[0]=0x7ffbfeff, sa_flags=0x10000004
SIGFPE: [libjvm.so+0x80d520], sa_mask[0]=0x7ffbfeff, sa_flags=0x10000004
SIGPIPE: [libjvm.so+0x80d520], sa_mask[0]=0x7ffbfeff, sa_flags=0x10000004
SIGXFSZ: [libjvm.so+0x80d520], sa_mask[0]=0x7ffbfeff, sa_flags=0x10000004
SIGILL: [libjvm.so+0x80d520], sa_mask[0]=0x7ffbfeff, sa_flags=0x10000004
SIGUSR1: SIG_DFL, sa_mask[0]=0x00000000, sa_flags=0x00000000
SIGUSR2: [libjvm.so+0x80d380], sa_mask[0]=0x00000000, sa_flags=0x10000004
SIGHUP: [libjvm.so+0x80d840], sa_mask[0]=0x7ffbfeff, sa_flags=0x10000004
SIGINT: [libjvm.so+0x80d840], sa_mask[0]=0x7ffbfeff, sa_flags=0x10000004
SIGTERM: [libjvm.so+0x80d840], sa_mask[0]=0x7ffbfeff, sa_flags=0x10000004
SIGQUIT: [libjvm.so+0x80d840], sa_mask[0]=0x7ffbfeff, sa_flags=0x10000004
SIGTRAP: SIG_DFL, sa_mask[0]=0x00000000, sa_flags=0x00000000


---------------  S Y S T E M  ---------------

OS:Linux
uname:Linux 4.9.8-1-ARCH #1 SMP PREEMPT Mon Feb 6 12:59:40 CET 2017 x86_64
libc:glibc 2.24 NPTL 2.24 
rlimit: STACK 8192k, CORE infinity, NPROC 30369, NOFILE 4096, AS infinity
load average:2,40 1,23 0,94

/proc/meminfo:
MemTotal:        8043552 kB
MemFree:          138052 kB
MemAvailable:      49544 kB
Buffers:            3680 kB
Cached:           287716 kB
SwapCached:            0 kB
Active:          7506616 kB
Inactive:         211472 kB
Active(anon):    7468380 kB
Inactive(anon):   183408 kB
Active(file):      38236 kB
Inactive(file):    28064 kB
Unevictable:           0 kB
Mlocked:               0 kB
SwapTotal:             0 kB
SwapFree:              0 kB
Dirty:              2156 kB
Writeback:             0 kB
AnonPages:       7426828 kB
Mapped:           231260 kB
Shmem:            224892 kB
Slab:              77876 kB
SReclaimable:      38792 kB
SUnreclaim:        39084 kB
KernelStack:        7104 kB
PageTables:        35184 kB
NFS_Unstable:          0 kB
Bounce:                0 kB
WritebackTmp:          0 kB
CommitLimit:     4021776 kB
Committed_AS:   10807628 kB
VmallocTotal:   34359738367 kB
VmallocUsed:           0 kB
VmallocChunk:          0 kB
HardwareCorrupted:     0 kB
AnonHugePages:   2195456 kB
ShmemHugePages:        0 kB
ShmemPmdMapped:        0 kB
HugePages_Total:       0
HugePages_Free:        0
HugePages_Rsvd:        0
HugePages_Surp:        0
Hugepagesize:       2048 kB
DirectMap4k:       77060 kB
DirectMap2M:     5029888 kB
DirectMap1G:     3145728 kB


CPU:total 4 (2 cores per cpu, 2 threads per core) family 6 model 78 stepping 3, cmov, cx8, fxsr, mmx, sse, sse2, sse3, ssse3, sse4.1, sse4.2, popcnt, avx, avx2, aes, erms, ht, tsc, tscinvbit

/proc/cpuinfo:
processor	: 0
vendor_id	: GenuineIntel
cpu family	: 6
model		: 78
model name	: Intel(R) Core(TM) i5-6200U CPU @ 2.30GHz
stepping	: 3
microcode	: 0x9e
cpu MHz		: 2699.853
cache size	: 3072 KB
physical id	: 0
siblings	: 4
core id		: 0
cpu cores	: 2
apicid		: 0
initial apicid	: 0
fpu		: yes
fpu_exception	: yes
cpuid level	: 22
wp		: yes
flags		: fpu vme de pse tsc msr pae mce cx8 apic sep mtrr pge mca cmov pat pse36 clflush dts acpi mmx fxsr sse sse2 ss ht tm pbe syscall nx pdpe1gb rdtscp lm constant_tsc art arch_perfmon pebs bts rep_good nopl xtopology nonstop_tsc aperfmperf eagerfpu pni pclmulqdq dtes64 monitor ds_cpl vmx est tm2 ssse3 sdbg fma cx16 xtpr pdcm pcid sse4_1 sse4_2 x2apic movbe popcnt tsc_deadline_timer aes xsave avx f16c rdrand lahf_lm abm 3dnowprefetch epb intel_pt tpr_shadow vnmi flexpriority ept vpid fsgsbase tsc_adjust bmi1 avx2 smep bmi2 erms invpcid mpx rdseed adx smap clflushopt xsaveopt xsavec xgetbv1 xsaves dtherm ida arat pln pts hwp hwp_notify hwp_act_window hwp_epp
bugs		:
bogomips	: 4801.00
clflush size	: 64
cache_alignment	: 64
address sizes	: 39 bits physical, 48 bits virtual
power management:

processor	: 1
vendor_id	: GenuineIntel
cpu family	: 6
model		: 78
model name	: Intel(R) Core(TM) i5-6200U CPU @ 2.30GHz
stepping	: 3
microcode	: 0x9e
cpu MHz		: 2700.000
cache size	: 3072 KB
physical id	: 0
siblings	: 4
core id		: 1
cpu cores	: 2
apicid		: 2
initial apicid	: 2
fpu		: yes
fpu_exception	: yes
cpuid level	: 22
wp		: yes
flags		: fpu vme de pse tsc msr pae mce cx8 apic sep mtrr pge mca cmov pat pse36 clflush dts acpi mmx fxsr sse sse2 ss ht tm pbe syscall nx pdpe1gb rdtscp lm constant_tsc art arch_perfmon pebs bts rep_good nopl xtopology nonstop_tsc aperfmperf eagerfpu pni pclmulqdq dtes64 monitor ds_cpl vmx est tm2 ssse3 sdbg fma cx16 xtpr pdcm pcid sse4_1 sse4_2 x2apic movbe popcnt tsc_deadline_timer aes xsave avx f16c rdrand lahf_lm abm 3dnowprefetch epb intel_pt tpr_shadow vnmi flexpriority ept vpid fsgsbase tsc_adjust bmi1 avx2 smep bmi2 erms invpcid mpx rdseed adx smap clflushopt xsaveopt xsavec xgetbv1 xsaves dtherm ida arat pln pts hwp hwp_notify hwp_act_window hwp_epp
bugs		:
bogomips	: 4803.31
clflush size	: 64
cache_alignment	: 64
address sizes	: 39 bits physical, 48 bits virtual
power management:

processor	: 2
vendor_id	: GenuineIntel
cpu family	: 6
model		: 78
model name	: Intel(R) Core(TM) i5-6200U CPU @ 2.30GHz
stepping	: 3
microcode	: 0x9e
cpu MHz		: 2700.000
cache size	: 3072 KB
physical id	: 0
siblings	: 4
core id		: 0
cpu cores	: 2
apicid		: 1
initial apicid	: 1
fpu		: yes
fpu_exception	: yes
cpuid level	: 22
wp		: yes
flags		: fpu vme de pse tsc msr pae mce cx8 apic sep mtrr pge mca cmov pat pse36 clflush dts acpi mmx fxsr sse sse2 ss ht tm pbe syscall nx pdpe1gb rdtscp lm constant_tsc art arch_perfmon pebs bts rep_good nopl xtopology nonstop_tsc aperfmperf eagerfpu pni pclmulqdq dtes64 monitor ds_cpl vmx est tm2 ssse3 sdbg fma cx16 xtpr pdcm pcid sse4_1 sse4_2 x2apic movbe popcnt tsc_deadline_timer aes xsave avx f16c rdrand lahf_lm abm 3dnowprefetch epb intel_pt tpr_shadow vnmi flexpriority ept vpid fsgsbase tsc_adjust bmi1 avx2 smep bmi2 erms invpcid mpx rdseed adx smap clflushopt xsaveopt xsavec xgetbv1 xsaves dtherm ida arat pln pts hwp hwp_notify hwp_act_window hwp_epp
bugs		:
bogomips	: 4803.81
clflush size	: 64
cache_alignment	: 64
address sizes	: 39 bits physical, 48 bits virtual
power management:

processor	: 3
vendor_id	: GenuineIntel
cpu family	: 6
model		: 78
model name	: Intel(R) Core(TM) i5-6200U CPU @ 2.30GHz
stepping	: 3
microcode	: 0x9e
cpu MHz		: 2699.853
cache size	: 3072 KB
physical id	: 0
siblings	: 4
core id		: 1
cpu cores	: 2
apicid		: 3
initial apicid	: 3
fpu		: yes
fpu_exception	: yes
cpuid level	: 22
wp		: yes
flags		: fpu vme de pse tsc msr pae mce cx8 apic sep mtrr pge mca cmov pat pse36 clflush dts acpi mmx fxsr sse sse2 ss ht tm pbe syscall nx pdpe1gb rdtscp lm constant_tsc art arch_perfmon pebs bts rep_good nopl xtopology nonstop_tsc aperfmperf eagerfpu pni pclmulqdq dtes64 monitor ds_cpl vmx est tm2 ssse3 sdbg fma cx16 xtpr pdcm pcid sse4_1 sse4_2 x2apic movbe popcnt tsc_deadline_timer aes xsave avx f16c rdrand lahf_lm abm 3dnowprefetch epb intel_pt tpr_shadow vnmi flexpriority ept vpid fsgsbase tsc_adjust bmi1 avx2 smep bmi2 erms invpcid mpx rdseed adx smap clflushopt xsaveopt xsavec xgetbv1 xsaves dtherm ida arat pln pts hwp hwp_notify hwp_act_window hwp_epp
bugs		:
bogomips	: 4803.34
clflush size	: 64
cache_alignment	: 64
address sizes	: 39 bits physical, 48 bits virtual
power management:



Memory: 4k page, physical 8043552k(138052k free), swap 0k(0k free)

vm_info: OpenJDK 64-Bit Server VM (24.111-b01) for linux-amd64 JRE (1.7.0_111-b01), built on Aug  3 2016 15:20:47 by "builduser" with gcc 6.1.1 20160707

time: Sun Feb 12 19:44:23 2017
elapsed time: 13 seconds

